2020-05-07 11:50:04,154 INFO s.d.e.g.ExchangeGateApplication [main] No active profile set, falling back to default profiles: default
2020-05-07 11:50:04,873 INFO o.s.c.c.s.GenericScope [main] BeanFactory id=665f9f24-71c3-326c-b332-cec2e69a6c9d
2020-05-07 11:50:05,062 INFO o.s.c.s.PostProcessorRegistrationDelegate$BeanPostProcessorChecker [main] Bean 'steps.dev.exchange.gate.client.InstrumentClient' of type [org.springframework.cloud.openfeign.FeignClientFactoryBean] is not eligible for getting processed by all BeanPostProcessors (for example: not eligible for auto-proxying)
2020-05-07 11:50:05,413 WARN c.n.c.s.URLConfigurationSource [main] No URLs will be polled as dynamic configuration sources.
2020-05-07 11:50:05,414 INFO c.n.c.s.URLConfigurationSource [main] To enable URLs as dynamic configuration sources, define System property archaius.configurationSource.additionalUrls or make config.properties available on classpath.
2020-05-07 11:50:05,423 WARN c.n.c.s.URLConfigurationSource [main] No URLs will be polled as dynamic configuration sources.
2020-05-07 11:50:05,423 INFO c.n.c.s.URLConfigurationSource [main] To enable URLs as dynamic configuration sources, define System property archaius.configurationSource.additionalUrls or make config.properties available on classpath.
2020-05-07 11:50:05,642 INFO o.s.s.c.ThreadPoolTaskScheduler [main] Initializing ExecutorService 'taskScheduler'
2020-05-07 11:50:07,119 INFO o.s.c.c.u.InetUtils [main] Cannot determine local hostname
2020-05-07 11:50:08,652 INFO o.s.c.c.u.InetUtils [main] Cannot determine local hostname
2020-05-07 11:50:10,140 INFO o.s.c.c.u.InetUtils [main] Cannot determine local hostname
2020-05-07 11:50:10,176 WARN o.s.c.l.c.BlockingLoadBalancerClientAutoConfiguration$BlockingLoadBalancerClientRibbonWarnLogger [main] You already have RibbonLoadBalancerClient on your classpath. It will be used by default. As Spring Cloud Ribbon is in maintenance mode. We recommend switching to BlockingLoadBalancerClient instead. In order to use it, set the value of `spring.cloud.loadbalancer.ribbon.enabled` to `false` or remove spring-cloud-starter-netflix-ribbon from your project.
2020-05-07 11:50:10,264 INFO o.s.c.n.e.InstanceInfoFactory [main] Setting initial instance status as: STARTING
2020-05-07 11:50:10,316 INFO c.n.d.DiscoveryClient [main] Initializing Eureka in region us-east-1
2020-05-07 11:50:10,967 INFO c.n.d.p.DiscoveryJerseyProvider [main] Using JSON encoding codec LegacyJacksonJson
2020-05-07 11:50:10,967 INFO c.n.d.p.DiscoveryJerseyProvider [main] Using JSON decoding codec LegacyJacksonJson
2020-05-07 11:50:11,117 INFO c.n.d.p.DiscoveryJerseyProvider [main] Using XML encoding codec XStreamXml
2020-05-07 11:50:11,117 INFO c.n.d.p.DiscoveryJerseyProvider [main] Using XML decoding codec XStreamXml
2020-05-07 11:50:11,346 INFO c.n.d.s.r.a.ConfigClusterResolver [main] Resolving eureka endpoints via configuration
2020-05-07 11:50:11,698 INFO c.n.d.DiscoveryClient [main] Disable delta property : false
2020-05-07 11:50:11,698 INFO c.n.d.DiscoveryClient [main] Single vip registry refresh property : null
2020-05-07 11:50:11,699 INFO c.n.d.DiscoveryClient [main] Force full registry fetch : false
2020-05-07 11:50:11,700 INFO c.n.d.DiscoveryClient [main] Application is null : false
2020-05-07 11:50:11,700 INFO c.n.d.DiscoveryClient [main] Registered Applications size is zero : true
2020-05-07 11:50:11,700 INFO c.n.d.DiscoveryClient [main] Application version is -1: true
2020-05-07 11:50:11,700 INFO c.n.d.DiscoveryClient [main] Getting all instance registry info from the eureka server
2020-05-07 11:50:11,914 INFO c.n.d.DiscoveryClient [main] The response status is 200
2020-05-07 11:50:11,917 INFO c.n.d.DiscoveryClient [main] Starting heartbeat executor: renew interval is: 30
2020-05-07 11:50:11,920 INFO c.n.d.InstanceInfoReplicator [main] InstanceInfoReplicator onDemand update allowed rate per min is 4
2020-05-07 11:50:11,925 INFO c.n.d.DiscoveryClient [main] Discovery Client initialized at timestamp 1588841411923 with initial instances count: 1
2020-05-07 11:50:11,928 INFO o.s.c.n.e.s.EurekaServiceRegistry [main] Registering application ECHANGE-GATE with eureka with status UP
2020-05-07 11:50:11,929 INFO c.n.d.DiscoveryClient [main] Saw local status change event StatusChangeEvent [timestamp=1588841411929, current=UP, previous=STARTING]
2020-05-07 11:50:11,938 INFO c.n.d.DiscoveryClient [DiscoveryClient-InstanceInfoReplicator-0] DiscoveryClient_ECHANGE-GATE/localhost:echange-gate:9011: registering service...
2020-05-07 11:50:11,966 INFO s.d.e.g.ExchangeGateApplication [main] Started ExchangeGateApplication in 11.673 seconds (JVM running for 13.386)
2020-05-07 11:50:11,985 INFO c.n.d.DiscoveryClient [DiscoveryClient-InstanceInfoReplicator-0] DiscoveryClient_ECHANGE-GATE/localhost:echange-gate:9011 - registration status: 204
2020-05-07 11:50:12,219 INFO c.n.c.ChainedDynamicProperty [scheduling-1] Flipping property: instrument.ribbon.ActiveConnectionsLimit to use NEXT property: niws.loadbalancer.availabilityFilteringRule.activeConnectionsLimit = 2147483647
2020-05-07 11:50:12,289 INFO c.n.u.c.ShutdownEnabledTimer [scheduling-1] Shutdown hook installed for: NFLoadBalancer-PingTimer-instrument
2020-05-07 11:50:12,293 INFO c.n.l.BaseLoadBalancer [scheduling-1] Client: instrument instantiated a LoadBalancer: DynamicServerListLoadBalancer:{NFLoadBalancer:name=instrument,current list of Servers=[],Load balancer stats=Zone stats: {},Server stats: []}ServerList:null
2020-05-07 11:50:12,298 INFO c.n.l.DynamicServerListLoadBalancer [scheduling-1] Using serverListUpdater PollingServerListUpdater
2020-05-07 11:50:12,334 INFO c.n.c.ChainedDynamicProperty [scheduling-1] Flipping property: instrument.ribbon.ActiveConnectionsLimit to use NEXT property: niws.loadbalancer.availabilityFilteringRule.activeConnectionsLimit = 2147483647
2020-05-07 11:50:12,338 INFO c.n.l.DynamicServerListLoadBalancer [scheduling-1] DynamicServerListLoadBalancer for client instrument initialized: DynamicServerListLoadBalancer:{NFLoadBalancer:name=instrument,current list of Servers=[localhost:9002],Load balancer stats=Zone stats: {defaultzone=[Zone:defaultzone;	Instance count:1;	Active connections count: 0;	Circuit breaker tripped count: 0;	Active connections per server: 0.0;]
},Server stats: [[Server:localhost:9002;	Zone:defaultZone;	Total Requests:0;	Successive connection failure:0;	Total blackout seconds:0;	Last connection made:Thu Jan 01 03:00:00 MSK 1970;	First connection made: Thu Jan 01 03:00:00 MSK 1970;	Active Connections:0;	total failure count in last (1000) msecs:0;	average resp time:0.0;	90 percentile resp time:0.0;	95 percentile resp time:0.0;	min resp time:0.0;	max resp time:0.0;	stddev resp time:0.0]
]}ServerList:org.springframework.cloud.netflix.ribbon.eureka.DomainExtractingServerList@524dc570
2020-05-07 11:50:12,870 DEBUG o.s.w.c.HttpMessageConverterExtractor [scheduling-1] Reading to [java.util.List<java.lang.String>]
2020-05-07 11:50:12,906 DEBUG o.s.w.c.RestTemplate [scheduling-1] HTTP GET http://iss.moex.com/iss/engines/stock/markets/shares/boards/tqbr/securities.json?securities=AFKS,SBER&iss.meta=off&iss.only=marketdata&lang=ru
2020-05-07 11:50:12,920 DEBUG o.s.w.c.RestTemplate [scheduling-1] Accept=[application/json, application/*+json]
2020-05-07 11:50:12,981 DEBUG o.s.w.c.RestTemplate [scheduling-1] Response 200 OK
2020-05-07 11:50:12,982 DEBUG o.s.w.c.RestTemplate [scheduling-1] Reading to [steps.dev.exchange.gate.receiver.moex.interchange.ExchangeResponse]
2020-05-07 11:50:13,121 DEBUG o.s.w.c.HttpMessageConverterExtractor [scheduling-1] Reading to [java.util.List<java.lang.String>]
2020-05-07 11:50:13,122 DEBUG o.s.w.c.RestTemplate [scheduling-1] HTTP GET http://iss.moex.com/iss/engines/stock/markets/bonds/securities.json?securities=MOEX&iss.meta=off&iss.only=marketdata&lang=ru
2020-05-07 11:50:13,122 DEBUG o.s.w.c.RestTemplate [scheduling-1] Accept=[application/json, application/*+json]
2020-05-07 11:50:13,141 DEBUG o.s.w.c.RestTemplate [scheduling-1] Response 200 OK
2020-05-07 11:50:13,141 DEBUG o.s.w.c.RestTemplate [scheduling-1] Reading to [steps.dev.exchange.gate.receiver.moex.interchange.ExchangeResponse]
2020-05-07 11:50:13,302 INFO c.n.c.ChainedDynamicProperty [PollingServerListUpdater-0] Flipping property: instrument.ribbon.ActiveConnectionsLimit to use NEXT property: niws.loadbalancer.availabilityFilteringRule.activeConnectionsLimit = 2147483647
