2020-05-10 13:01:09,196 INFO s.d.e.g.ExchangeGateApplication [main] No active profile set, falling back to default profiles: default
2020-05-10 13:01:09,844 INFO o.s.c.c.s.GenericScope [main] BeanFactory id=3503d265-e434-3b4d-b07b-c744d2cdb4d0
2020-05-10 13:01:10,014 INFO o.s.c.s.PostProcessorRegistrationDelegate$BeanPostProcessorChecker [main] Bean 'steps.dev.exchange.gate.client.InstrumentClient' of type [org.springframework.cloud.openfeign.FeignClientFactoryBean] is not eligible for getting processed by all BeanPostProcessors (for example: not eligible for auto-proxying)
2020-05-10 13:01:10,384 WARN c.n.c.s.URLConfigurationSource [main] No URLs will be polled as dynamic configuration sources.
2020-05-10 13:01:10,384 INFO c.n.c.s.URLConfigurationSource [main] To enable URLs as dynamic configuration sources, define System property archaius.configurationSource.additionalUrls or make config.properties available on classpath.
2020-05-10 13:01:10,393 WARN c.n.c.s.URLConfigurationSource [main] No URLs will be polled as dynamic configuration sources.
2020-05-10 13:01:10,393 INFO c.n.c.s.URLConfigurationSource [main] To enable URLs as dynamic configuration sources, define System property archaius.configurationSource.additionalUrls or make config.properties available on classpath.
2020-05-10 13:01:10,559 INFO o.s.s.c.ThreadPoolTaskScheduler [main] Initializing ExecutorService 'taskScheduler'
2020-05-10 13:01:12,040 INFO o.s.c.c.u.InetUtils [main] Cannot determine local hostname
2020-05-10 13:01:13,596 INFO o.s.c.c.u.InetUtils [main] Cannot determine local hostname
2020-05-10 13:01:15,148 INFO o.s.c.c.u.InetUtils [main] Cannot determine local hostname
2020-05-10 13:01:15,177 WARN o.s.c.l.c.BlockingLoadBalancerClientAutoConfiguration$BlockingLoadBalancerClientRibbonWarnLogger [main] You already have RibbonLoadBalancerClient on your classpath. It will be used by default. As Spring Cloud Ribbon is in maintenance mode. We recommend switching to BlockingLoadBalancerClient instead. In order to use it, set the value of `spring.cloud.loadbalancer.ribbon.enabled` to `false` or remove spring-cloud-starter-netflix-ribbon from your project.
2020-05-10 13:01:15,319 INFO o.s.c.n.e.InstanceInfoFactory [main] Setting initial instance status as: STARTING
2020-05-10 13:01:15,391 INFO c.n.d.DiscoveryClient [main] Initializing Eureka in region us-east-1
2020-05-10 13:01:16,074 INFO c.n.d.p.DiscoveryJerseyProvider [main] Using JSON encoding codec LegacyJacksonJson
2020-05-10 13:01:16,074 INFO c.n.d.p.DiscoveryJerseyProvider [main] Using JSON decoding codec LegacyJacksonJson
2020-05-10 13:01:16,218 INFO c.n.d.p.DiscoveryJerseyProvider [main] Using XML encoding codec XStreamXml
2020-05-10 13:01:16,218 INFO c.n.d.p.DiscoveryJerseyProvider [main] Using XML decoding codec XStreamXml
2020-05-10 13:01:16,430 INFO c.n.d.s.r.a.ConfigClusterResolver [main] Resolving eureka endpoints via configuration
2020-05-10 13:01:16,781 INFO c.n.d.DiscoveryClient [main] Disable delta property : false
2020-05-10 13:01:16,781 INFO c.n.d.DiscoveryClient [main] Single vip registry refresh property : null
2020-05-10 13:01:16,782 INFO c.n.d.DiscoveryClient [main] Force full registry fetch : false
2020-05-10 13:01:16,782 INFO c.n.d.DiscoveryClient [main] Application is null : false
2020-05-10 13:01:16,782 INFO c.n.d.DiscoveryClient [main] Registered Applications size is zero : true
2020-05-10 13:01:16,787 INFO c.n.d.DiscoveryClient [main] Application version is -1: true
2020-05-10 13:01:16,787 INFO c.n.d.DiscoveryClient [main] Getting all instance registry info from the eureka server
2020-05-10 13:01:17,012 INFO c.n.d.DiscoveryClient [main] The response status is 200
2020-05-10 13:01:17,015 INFO c.n.d.DiscoveryClient [main] Starting heartbeat executor: renew interval is: 30
2020-05-10 13:01:17,019 INFO c.n.d.InstanceInfoReplicator [main] InstanceInfoReplicator onDemand update allowed rate per min is 4
2020-05-10 13:01:17,025 INFO c.n.d.DiscoveryClient [main] Discovery Client initialized at timestamp 1589104877023 with initial instances count: 1
2020-05-10 13:01:17,028 INFO o.s.c.n.e.s.EurekaServiceRegistry [main] Registering application ECHANGE-GATE with eureka with status UP
2020-05-10 13:01:17,029 INFO c.n.d.DiscoveryClient [main] Saw local status change event StatusChangeEvent [timestamp=1589104877029, current=UP, previous=STARTING]
2020-05-10 13:01:17,031 INFO c.n.d.DiscoveryClient [DiscoveryClient-InstanceInfoReplicator-0] DiscoveryClient_ECHANGE-GATE/localhost:echange-gate:9011: registering service...
2020-05-10 13:01:17,051 INFO s.d.e.g.ExchangeGateApplication [main] Started ExchangeGateApplication in 11.801 seconds (JVM running for 13.631)
2020-05-10 13:01:17,085 INFO c.n.d.DiscoveryClient [DiscoveryClient-InstanceInfoReplicator-0] DiscoveryClient_ECHANGE-GATE/localhost:echange-gate:9011 - registration status: 204
2020-05-10 13:01:17,333 INFO c.n.c.ChainedDynamicProperty [scheduling-1] Flipping property: instrument.ribbon.ActiveConnectionsLimit to use NEXT property: niws.loadbalancer.availabilityFilteringRule.activeConnectionsLimit = 2147483647
2020-05-10 13:01:17,392 INFO c.n.u.c.ShutdownEnabledTimer [scheduling-1] Shutdown hook installed for: NFLoadBalancer-PingTimer-instrument
2020-05-10 13:01:17,395 INFO c.n.l.BaseLoadBalancer [scheduling-1] Client: instrument instantiated a LoadBalancer: DynamicServerListLoadBalancer:{NFLoadBalancer:name=instrument,current list of Servers=[],Load balancer stats=Zone stats: {},Server stats: []}ServerList:null
2020-05-10 13:01:17,400 INFO c.n.l.DynamicServerListLoadBalancer [scheduling-1] Using serverListUpdater PollingServerListUpdater
2020-05-10 13:01:17,430 INFO c.n.c.ChainedDynamicProperty [scheduling-1] Flipping property: instrument.ribbon.ActiveConnectionsLimit to use NEXT property: niws.loadbalancer.availabilityFilteringRule.activeConnectionsLimit = 2147483647
2020-05-10 13:01:17,434 INFO c.n.l.DynamicServerListLoadBalancer [scheduling-1] DynamicServerListLoadBalancer for client instrument initialized: DynamicServerListLoadBalancer:{NFLoadBalancer:name=instrument,current list of Servers=[localhost:9002],Load balancer stats=Zone stats: {defaultzone=[Zone:defaultzone;	Instance count:1;	Active connections count: 0;	Circuit breaker tripped count: 0;	Active connections per server: 0.0;]
},Server stats: [[Server:localhost:9002;	Zone:defaultZone;	Total Requests:0;	Successive connection failure:0;	Total blackout seconds:0;	Last connection made:Thu Jan 01 03:00:00 MSK 1970;	First connection made: Thu Jan 01 03:00:00 MSK 1970;	Active Connections:0;	total failure count in last (1000) msecs:0;	average resp time:0.0;	90 percentile resp time:0.0;	95 percentile resp time:0.0;	min resp time:0.0;	max resp time:0.0;	stddev resp time:0.0]
]}ServerList:org.springframework.cloud.netflix.ribbon.eureka.DomainExtractingServerList@1ed2a4ad
2020-05-10 13:01:17,849 DEBUG o.s.w.c.HttpMessageConverterExtractor [scheduling-1] Reading to [java.util.List<java.lang.String>]
2020-05-10 13:01:17,903 DEBUG o.s.w.c.HttpMessageConverterExtractor [scheduling-1] Reading to [java.util.List<java.lang.String>]
2020-05-10 13:01:17,913 DEBUG o.s.w.c.HttpMessageConverterExtractor [scheduling-1] Reading to [java.util.List<java.lang.String>]
2020-05-10 13:01:17,940 DEBUG o.s.w.c.HttpMessageConverterExtractor [scheduling-1] Reading to [java.util.List<java.lang.String>]
2020-05-10 13:01:17,979 DEBUG o.s.w.c.RestTemplate [scheduling-1] HTTP GET http://iss.moex.com/iss/engines/stock/markets/shares/boards/tqbr/securities.json?securities=AFKS,MOEX,SBER&iss.meta=off&iss.only=marketdata&lang=ru
2020-05-10 13:01:18,010 DEBUG o.s.w.c.RestTemplate [scheduling-1] Accept=[application/json, application/*+json]
2020-05-10 13:01:18,065 DEBUG o.s.w.c.RestTemplate [scheduling-1] Response 200 OK
2020-05-10 13:01:18,066 DEBUG o.s.w.c.RestTemplate [scheduling-1] Reading to [steps.dev.exchange.gate.receiver.moex.interchange.ExchangeResponse]
2020-05-10 13:01:18,404 INFO c.n.c.ChainedDynamicProperty [PollingServerListUpdater-0] Flipping property: instrument.ribbon.ActiveConnectionsLimit to use NEXT property: niws.loadbalancer.availabilityFilteringRule.activeConnectionsLimit = 2147483647
