2020-05-10 15:49:38,018 INFO s.d.m.i.InstrumentApplication [main] No active profile set, falling back to default profiles: default
2020-05-10 15:49:39,120 INFO o.s.d.r.c.RepositoryConfigurationDelegate [main] Bootstrapping Spring Data JPA repositories in DEFAULT mode.
2020-05-10 15:49:39,390 INFO o.s.d.r.c.RepositoryConfigurationDelegate [main] Finished Spring Data repository scanning in 257ms. Found 1 JPA repository interfaces.
2020-05-10 15:49:39,675 WARN o.s.b.a.e.EndpointId [main] Endpoint ID 'service-registry' contains invalid characters, please migrate to a valid format.
2020-05-10 15:49:39,958 INFO o.s.c.c.s.GenericScope [main] BeanFactory id=e5bd0177-22c3-315f-9018-bb8ce3bee94a
2020-05-10 15:49:40,267 INFO o.s.c.s.PostProcessorRegistrationDelegate$BeanPostProcessorChecker [main] Bean 'org.springframework.transaction.annotation.ProxyTransactionManagementConfiguration' of type [org.springframework.transaction.annotation.ProxyTransactionManagementConfiguration] is not eligible for getting processed by all BeanPostProcessors (for example: not eligible for auto-proxying)
2020-05-10 15:49:40,866 INFO o.s.b.w.e.t.TomcatWebServer [main] Tomcat initialized with port(s): 9002 (http)
2020-05-10 15:49:40,884 INFO o.a.c.h.Http11NioProtocol [main] Initializing ProtocolHandler ["http-nio-9002"]
2020-05-10 15:49:40,885 INFO o.a.c.c.StandardService [main] Starting service [Tomcat]
2020-05-10 15:49:40,886 INFO o.a.c.c.StandardEngine [main] Starting Servlet engine: [Apache Tomcat/9.0.29]
2020-05-10 15:49:41,124 INFO o.a.c.c.C.[.[.[/] [main] Initializing Spring embedded WebApplicationContext
2020-05-10 15:49:41,124 DEBUG o.s.w.c.ContextLoader [main] Published root WebApplicationContext as ServletContext attribute with name [org.springframework.web.context.WebApplicationContext.ROOT]
2020-05-10 15:49:41,124 INFO o.s.w.c.ContextLoader [main] Root WebApplicationContext: initialization completed in 3062 ms
2020-05-10 15:49:41,270 WARN c.n.c.s.URLConfigurationSource [main] No URLs will be polled as dynamic configuration sources.
2020-05-10 15:49:41,271 INFO c.n.c.s.URLConfigurationSource [main] To enable URLs as dynamic configuration sources, define System property archaius.configurationSource.additionalUrls or make config.properties available on classpath.
2020-05-10 15:49:41,299 INFO c.n.c.DynamicPropertyFactory [main] DynamicPropertyFactory is initialized with configuration sources: com.netflix.config.ConcurrentCompositeConfiguration@3d20e575
2020-05-10 15:49:41,991 INFO o.h.j.i.u.LogHelper [main] HHH000204: Processing PersistenceUnitInfo [name: default]
2020-05-10 15:49:42,145 INFO o.h.Version [main] HHH000412: Hibernate Core {5.4.9.Final}
2020-05-10 15:49:42,416 INFO o.h.a.c.Version [main] HCANN000001: Hibernate Commons Annotations {5.1.0.Final}
2020-05-10 15:49:42,679 INFO c.z.h.HikariDataSource [main] HikariPool-1 - Starting...
2020-05-10 15:49:42,913 INFO c.z.h.HikariDataSource [main] HikariPool-1 - Start completed.
2020-05-10 15:49:42,953 INFO o.h.d.Dialect [main] HHH000400: Using dialect: org.hibernate.dialect.PostgreSQLDialect
2020-05-10 15:49:44,472 INFO o.h.e.t.j.p.i.JtaPlatformInitiator [main] HHH000490: Using JtaPlatform implementation: [org.hibernate.engine.transaction.jta.platform.internal.NoJtaPlatform]
2020-05-10 15:49:44,482 INFO o.s.o.j.LocalContainerEntityManagerFactoryBean [main] Initialized JPA EntityManagerFactory for persistence unit 'default'
2020-05-10 15:49:44,809 INFO o.h.e.i.StatisticalLoggingSessionEventListener [main] Session Metrics {
    0 nanoseconds spent acquiring 0 JDBC connections;
    0 nanoseconds spent releasing 0 JDBC connections;
    0 nanoseconds spent preparing 0 JDBC statements;
    0 nanoseconds spent executing 0 JDBC statements;
    0 nanoseconds spent executing 0 JDBC batches;
    0 nanoseconds spent performing 0 L2C puts;
    0 nanoseconds spent performing 0 L2C hits;
    0 nanoseconds spent performing 0 L2C misses;
    0 nanoseconds spent executing 0 flushes (flushing a total of 0 entities and 0 collections);
    0 nanoseconds spent executing 0 partial-flushes (flushing a total of 0 entities and 0 collections)
}
2020-05-10 15:49:44,811 INFO o.h.e.i.StatisticalLoggingSessionEventListener [main] Session Metrics {
    0 nanoseconds spent acquiring 0 JDBC connections;
    0 nanoseconds spent releasing 0 JDBC connections;
    0 nanoseconds spent preparing 0 JDBC statements;
    0 nanoseconds spent executing 0 JDBC statements;
    0 nanoseconds spent executing 0 JDBC batches;
    0 nanoseconds spent performing 0 L2C puts;
    0 nanoseconds spent performing 0 L2C hits;
    0 nanoseconds spent performing 0 L2C misses;
    0 nanoseconds spent executing 0 flushes (flushing a total of 0 entities and 0 collections);
    0 nanoseconds spent executing 0 partial-flushes (flushing a total of 0 entities and 0 collections)
}
2020-05-10 15:49:44,938 INFO o.h.e.i.StatisticalLoggingSessionEventListener [main] Session Metrics {
    0 nanoseconds spent acquiring 0 JDBC connections;
    0 nanoseconds spent releasing 0 JDBC connections;
    0 nanoseconds spent preparing 0 JDBC statements;
    0 nanoseconds spent executing 0 JDBC statements;
    0 nanoseconds spent executing 0 JDBC batches;
    0 nanoseconds spent performing 0 L2C puts;
    0 nanoseconds spent performing 0 L2C hits;
    0 nanoseconds spent performing 0 L2C misses;
    0 nanoseconds spent executing 0 flushes (flushing a total of 0 entities and 0 collections);
    0 nanoseconds spent executing 0 partial-flushes (flushing a total of 0 entities and 0 collections)
}
2020-05-10 15:49:45,025 INFO o.h.e.i.StatisticalLoggingSessionEventListener [main] Session Metrics {
    0 nanoseconds spent acquiring 0 JDBC connections;
    0 nanoseconds spent releasing 0 JDBC connections;
    0 nanoseconds spent preparing 0 JDBC statements;
    0 nanoseconds spent executing 0 JDBC statements;
    0 nanoseconds spent executing 0 JDBC batches;
    0 nanoseconds spent performing 0 L2C puts;
    0 nanoseconds spent performing 0 L2C hits;
    0 nanoseconds spent performing 0 L2C misses;
    0 nanoseconds spent executing 0 flushes (flushing a total of 0 entities and 0 collections);
    0 nanoseconds spent executing 0 partial-flushes (flushing a total of 0 entities and 0 collections)
}
2020-05-10 15:49:45,074 INFO o.h.e.i.StatisticalLoggingSessionEventListener [main] Session Metrics {
    0 nanoseconds spent acquiring 0 JDBC connections;
    0 nanoseconds spent releasing 0 JDBC connections;
    0 nanoseconds spent preparing 0 JDBC statements;
    0 nanoseconds spent executing 0 JDBC statements;
    0 nanoseconds spent executing 0 JDBC batches;
    0 nanoseconds spent performing 0 L2C puts;
    0 nanoseconds spent performing 0 L2C hits;
    0 nanoseconds spent performing 0 L2C misses;
    0 nanoseconds spent executing 0 flushes (flushing a total of 0 entities and 0 collections);
    0 nanoseconds spent executing 0 partial-flushes (flushing a total of 0 entities and 0 collections)
}
2020-05-10 15:49:45,080 INFO o.h.e.i.StatisticalLoggingSessionEventListener [main] Session Metrics {
    0 nanoseconds spent acquiring 0 JDBC connections;
    0 nanoseconds spent releasing 0 JDBC connections;
    0 nanoseconds spent preparing 0 JDBC statements;
    0 nanoseconds spent executing 0 JDBC statements;
    0 nanoseconds spent executing 0 JDBC batches;
    0 nanoseconds spent performing 0 L2C puts;
    0 nanoseconds spent performing 0 L2C hits;
    0 nanoseconds spent performing 0 L2C misses;
    0 nanoseconds spent executing 0 flushes (flushing a total of 0 entities and 0 collections);
    0 nanoseconds spent executing 0 partial-flushes (flushing a total of 0 entities and 0 collections)
}
2020-05-10 15:49:45,206 INFO o.h.e.i.StatisticalLoggingSessionEventListener [main] Session Metrics {
    0 nanoseconds spent acquiring 0 JDBC connections;
    0 nanoseconds spent releasing 0 JDBC connections;
    0 nanoseconds spent preparing 0 JDBC statements;
    0 nanoseconds spent executing 0 JDBC statements;
    0 nanoseconds spent executing 0 JDBC batches;
    0 nanoseconds spent performing 0 L2C puts;
    0 nanoseconds spent performing 0 L2C hits;
    0 nanoseconds spent performing 0 L2C misses;
    0 nanoseconds spent executing 0 flushes (flushing a total of 0 entities and 0 collections);
    0 nanoseconds spent executing 0 partial-flushes (flushing a total of 0 entities and 0 collections)
}
2020-05-10 15:49:45,567 INFO o.h.e.i.StatisticalLoggingSessionEventListener [main] Session Metrics {
    0 nanoseconds spent acquiring 0 JDBC connections;
    0 nanoseconds spent releasing 0 JDBC connections;
    0 nanoseconds spent preparing 0 JDBC statements;
    0 nanoseconds spent executing 0 JDBC statements;
    0 nanoseconds spent executing 0 JDBC batches;
    0 nanoseconds spent performing 0 L2C puts;
    0 nanoseconds spent performing 0 L2C hits;
    0 nanoseconds spent performing 0 L2C misses;
    0 nanoseconds spent executing 0 flushes (flushing a total of 0 entities and 0 collections);
    0 nanoseconds spent executing 0 partial-flushes (flushing a total of 0 entities and 0 collections)
}
2020-05-10 15:49:45,655 WARN c.n.c.s.URLConfigurationSource [main] No URLs will be polled as dynamic configuration sources.
2020-05-10 15:49:45,656 INFO c.n.c.s.URLConfigurationSource [main] To enable URLs as dynamic configuration sources, define System property archaius.configurationSource.additionalUrls or make config.properties available on classpath.
2020-05-10 15:49:45,877 WARN o.s.b.a.o.j.JpaBaseConfiguration$JpaWebConfiguration [main] spring.jpa.open-in-view is enabled by default. Therefore, database queries may be performed during view rendering. Explicitly configure spring.jpa.open-in-view to disable this warning
2020-05-10 15:49:46,178 INFO o.s.s.c.ThreadPoolTaskExecutor [main] Initializing ExecutorService 'applicationTaskExecutor'
2020-05-10 15:49:46,215 DEBUG o.s.w.s.m.m.a.RequestMappingHandlerAdapter [main] ControllerAdvice beans: 0 @ModelAttribute, 0 @InitBinder, 1 RequestBodyAdvice, 1 ResponseBodyAdvice
2020-05-10 15:49:46,352 DEBUG o.s.w.s.m.m.a.RequestMappingHandlerMapping [main] 11 mappings in 'requestMappingHandlerMapping'
2020-05-10 15:49:46,405 DEBUG o.s.w.s.h.SimpleUrlHandlerMapping [main] Patterns [/webjars/**, /**] in 'resourceHandlerMapping'
2020-05-10 15:49:46,435 DEBUG o.s.w.s.m.m.a.ExceptionHandlerExceptionResolver [main] ControllerAdvice beans: 0 @ExceptionHandler, 1 ResponseBodyAdvice
2020-05-10 15:49:48,374 INFO o.s.c.c.u.InetUtils [main] Cannot determine local hostname
2020-05-10 15:49:50,025 INFO o.s.c.c.u.InetUtils [main] Cannot determine local hostname
2020-05-10 15:49:51,541 INFO o.s.c.c.u.InetUtils [main] Cannot determine local hostname
2020-05-10 15:49:51,658 WARN o.s.c.l.c.BlockingLoadBalancerClientAutoConfiguration$BlockingLoadBalancerClientRibbonWarnLogger [main] You already have RibbonLoadBalancerClient on your classpath. It will be used by default. As Spring Cloud Ribbon is in maintenance mode. We recommend switching to BlockingLoadBalancerClient instead. In order to use it, set the value of `spring.cloud.loadbalancer.ribbon.enabled` to `false` or remove spring-cloud-starter-netflix-ribbon from your project.
2020-05-10 15:49:51,736 INFO o.s.b.a.e.w.EndpointLinksResolver [main] Exposing 1 endpoint(s) beneath base path '/actuator'
2020-05-10 15:49:51,803 INFO o.s.c.n.e.InstanceInfoFactory [main] Setting initial instance status as: STARTING
2020-05-10 15:49:51,894 INFO c.n.d.DiscoveryClient [main] Initializing Eureka in region us-east-1
2020-05-10 15:49:52,758 INFO c.n.d.p.DiscoveryJerseyProvider [main] Using JSON encoding codec LegacyJacksonJson
2020-05-10 15:49:52,758 INFO c.n.d.p.DiscoveryJerseyProvider [main] Using JSON decoding codec LegacyJacksonJson
2020-05-10 15:49:52,999 INFO c.n.d.p.DiscoveryJerseyProvider [main] Using XML encoding codec XStreamXml
2020-05-10 15:49:52,999 INFO c.n.d.p.DiscoveryJerseyProvider [main] Using XML decoding codec XStreamXml
2020-05-10 15:49:53,485 INFO c.n.d.s.r.a.ConfigClusterResolver [main] Resolving eureka endpoints via configuration
2020-05-10 15:49:53,947 INFO c.n.d.DiscoveryClient [main] Disable delta property : false
2020-05-10 15:49:53,947 INFO c.n.d.DiscoveryClient [main] Single vip registry refresh property : null
2020-05-10 15:49:53,947 INFO c.n.d.DiscoveryClient [main] Force full registry fetch : false
2020-05-10 15:49:53,947 INFO c.n.d.DiscoveryClient [main] Application is null : false
2020-05-10 15:49:53,947 INFO c.n.d.DiscoveryClient [main] Registered Applications size is zero : true
2020-05-10 15:49:53,947 INFO c.n.d.DiscoveryClient [main] Application version is -1: true
2020-05-10 15:49:53,948 INFO c.n.d.DiscoveryClient [main] Getting all instance registry info from the eureka server
2020-05-10 15:49:54,280 INFO c.n.d.DiscoveryClient [main] The response status is 200
2020-05-10 15:49:54,282 INFO c.n.d.DiscoveryClient [main] Starting heartbeat executor: renew interval is: 30
2020-05-10 15:49:54,286 INFO c.n.d.InstanceInfoReplicator [main] InstanceInfoReplicator onDemand update allowed rate per min is 4
2020-05-10 15:49:54,293 INFO c.n.d.DiscoveryClient [main] Discovery Client initialized at timestamp 1589114994290 with initial instances count: 0
2020-05-10 15:49:54,300 INFO o.s.c.n.e.s.EurekaServiceRegistry [main] Registering application INSTRUMENT with eureka with status UP
2020-05-10 15:49:54,305 INFO c.n.d.DiscoveryClient [main] Saw local status change event StatusChangeEvent [timestamp=1589114994305, current=UP, previous=STARTING]
2020-05-10 15:49:54,343 INFO o.a.c.h.Http11NioProtocol [main] Starting ProtocolHandler ["http-nio-9002"]
2020-05-10 15:49:54,346 INFO c.n.d.DiscoveryClient [DiscoveryClient-InstanceInfoReplicator-0] DiscoveryClient_INSTRUMENT/localhost:instrument:9002: registering service...
2020-05-10 15:49:54,566 INFO o.s.b.w.e.t.TomcatWebServer [main] Tomcat started on port(s): 9002 (http) with context path ''
2020-05-10 15:49:54,566 INFO o.s.c.n.e.s.EurekaAutoServiceRegistration [main] Updating port to 9002
2020-05-10 15:49:54,720 INFO c.n.d.DiscoveryClient [DiscoveryClient-InstanceInfoReplicator-0] DiscoveryClient_INSTRUMENT/localhost:instrument:9002 - registration status: 204
2020-05-10 15:49:56,356 INFO o.s.c.c.u.InetUtils [main] Cannot determine local hostname
2020-05-10 15:49:56,360 INFO s.d.m.i.InstrumentApplication [main] Started InstrumentApplication in 22.545 seconds (JVM running for 24.631)
2020-05-10 15:50:24,284 INFO c.n.d.DiscoveryClient [DiscoveryClient-CacheRefreshExecutor-0] Disable delta property : false
2020-05-10 15:50:24,284 INFO c.n.d.DiscoveryClient [DiscoveryClient-CacheRefreshExecutor-0] Single vip registry refresh property : null
2020-05-10 15:50:24,285 INFO c.n.d.DiscoveryClient [DiscoveryClient-CacheRefreshExecutor-0] Force full registry fetch : false
2020-05-10 15:50:24,285 INFO c.n.d.DiscoveryClient [DiscoveryClient-CacheRefreshExecutor-0] Application is null : false
2020-05-10 15:50:24,285 INFO c.n.d.DiscoveryClient [DiscoveryClient-CacheRefreshExecutor-0] Registered Applications size is zero : true
2020-05-10 15:50:24,285 INFO c.n.d.DiscoveryClient [DiscoveryClient-CacheRefreshExecutor-0] Application version is -1: false
2020-05-10 15:50:24,285 INFO c.n.d.DiscoveryClient [DiscoveryClient-CacheRefreshExecutor-0] Getting all instance registry info from the eureka server
2020-05-10 15:50:24,346 INFO c.n.d.DiscoveryClient [DiscoveryClient-CacheRefreshExecutor-0] The response status is 200
2020-05-10 15:54:53,954 INFO c.n.d.s.r.a.ConfigClusterResolver [AsyncResolver-bootstrap-executor-0] Resolving eureka endpoints via configuration
2020-05-10 15:59:53,955 INFO c.n.d.s.r.a.ConfigClusterResolver [AsyncResolver-bootstrap-executor-0] Resolving eureka endpoints via configuration
2020-05-10 16:04:53,957 INFO c.n.d.s.r.a.ConfigClusterResolver [AsyncResolver-bootstrap-executor-0] Resolving eureka endpoints via configuration
2020-05-10 16:09:53,960 INFO c.n.d.s.r.a.ConfigClusterResolver [AsyncResolver-bootstrap-executor-0] Resolving eureka endpoints via configuration
2020-05-10 16:14:53,961 INFO c.n.d.s.r.a.ConfigClusterResolver [AsyncResolver-bootstrap-executor-0] Resolving eureka endpoints via configuration
2020-05-10 16:19:53,963 INFO c.n.d.s.r.a.ConfigClusterResolver [AsyncResolver-bootstrap-executor-0] Resolving eureka endpoints via configuration
2020-05-10 16:24:34,629 INFO o.a.c.c.C.[.[.[/] [http-nio-9002-exec-10] Initializing Spring DispatcherServlet 'dispatcherServlet'
2020-05-10 16:24:34,629 INFO o.s.w.s.DispatcherServlet [http-nio-9002-exec-10] Initializing Servlet 'dispatcherServlet'
2020-05-10 16:24:34,631 DEBUG o.s.w.s.DispatcherServlet [http-nio-9002-exec-10] Detected StandardServletMultipartResolver
2020-05-10 16:24:34,685 DEBUG o.s.w.s.DispatcherServlet [http-nio-9002-exec-10] enableLoggingRequestDetails='false': request parameters and headers will be masked to prevent unsafe logging of potentially sensitive data
2020-05-10 16:24:34,685 INFO o.s.w.s.DispatcherServlet [http-nio-9002-exec-10] Completed initialization in 56 ms
2020-05-10 16:24:34,735 DEBUG o.s.w.s.DispatcherServlet [http-nio-9002-exec-10] GET "/instrument", parameters={}
2020-05-10 16:24:34,761 DEBUG o.s.w.s.m.m.a.RequestMappingHandlerMapping [http-nio-9002-exec-10] Mapped to steps.dev.myfinance7.instrument.controller.InstrumentController#getAll()
2020-05-10 16:24:35,093 DEBUG o.s.w.s.m.m.a.HttpEntityMethodProcessor [http-nio-9002-exec-10] Using 'application/json', given [application/json] and supported [application/json]
2020-05-10 16:24:35,105 DEBUG o.s.w.s.m.m.a.HttpEntityMethodProcessor [http-nio-9002-exec-10] Writing [[Instrument(instrumentId=4, instrumentType=CASH_ON_HANDS, instrumentName=i4, ticket=, currencyItem=C (truncated)...]
2020-05-10 16:24:35,144 INFO o.h.e.i.StatisticalLoggingSessionEventListener [http-nio-9002-exec-10] Session Metrics {
    2971500 nanoseconds spent acquiring 1 JDBC connections;
    0 nanoseconds spent releasing 0 JDBC connections;
    5809700 nanoseconds spent preparing 4 JDBC statements;
    7430300 nanoseconds spent executing 4 JDBC statements;
    0 nanoseconds spent executing 0 JDBC batches;
    0 nanoseconds spent performing 0 L2C puts;
    0 nanoseconds spent performing 0 L2C hits;
    0 nanoseconds spent performing 0 L2C misses;
    0 nanoseconds spent executing 0 flushes (flushing a total of 0 entities and 0 collections);
    33200 nanoseconds spent executing 1 partial-flushes (flushing a total of 0 entities and 0 collections)
}
2020-05-10 16:24:35,147 DEBUG o.s.w.s.DispatcherServlet [http-nio-9002-exec-10] Completed 200 OK
2020-05-10 16:24:53,964 INFO c.n.d.s.r.a.ConfigClusterResolver [AsyncResolver-bootstrap-executor-0] Resolving eureka endpoints via configuration
2020-05-10 16:28:03,662 DEBUG o.s.w.s.DispatcherServlet [http-nio-9002-exec-8] GET "/instrument", parameters={}
2020-05-10 16:28:03,663 DEBUG o.s.w.s.m.m.a.RequestMappingHandlerMapping [http-nio-9002-exec-8] Mapped to steps.dev.myfinance7.instrument.controller.InstrumentController#getAll()
2020-05-10 16:28:03,675 DEBUG o.s.w.s.m.m.a.HttpEntityMethodProcessor [http-nio-9002-exec-8] Using 'application/json', given [application/json] and supported [application/json]
2020-05-10 16:28:03,675 DEBUG o.s.w.s.m.m.a.HttpEntityMethodProcessor [http-nio-9002-exec-8] Writing [[Instrument(instrumentId=4, instrumentType=CASH_ON_HANDS, instrumentName=i4, ticket=, currencyItem=C (truncated)...]
2020-05-10 16:28:03,678 INFO o.h.e.i.StatisticalLoggingSessionEventListener [http-nio-9002-exec-8] Session Metrics {
    1550200 nanoseconds spent acquiring 1 JDBC connections;
    0 nanoseconds spent releasing 0 JDBC connections;
    240300 nanoseconds spent preparing 4 JDBC statements;
    2118500 nanoseconds spent executing 4 JDBC statements;
    0 nanoseconds spent executing 0 JDBC batches;
    0 nanoseconds spent performing 0 L2C puts;
    0 nanoseconds spent performing 0 L2C hits;
    0 nanoseconds spent performing 0 L2C misses;
    0 nanoseconds spent executing 0 flushes (flushing a total of 0 entities and 0 collections);
    4300 nanoseconds spent executing 1 partial-flushes (flushing a total of 0 entities and 0 collections)
}
2020-05-10 16:28:03,679 DEBUG o.s.w.s.DispatcherServlet [http-nio-9002-exec-8] Completed 200 OK
2020-05-10 16:29:32,223 DEBUG o.s.w.s.DispatcherServlet [http-nio-9002-exec-6] GET "/instrument", parameters={}
2020-05-10 16:29:32,223 DEBUG o.s.w.s.m.m.a.RequestMappingHandlerMapping [http-nio-9002-exec-6] Mapped to steps.dev.myfinance7.instrument.controller.InstrumentController#getAll()
2020-05-10 16:29:32,233 DEBUG o.s.w.s.m.m.a.HttpEntityMethodProcessor [http-nio-9002-exec-6] Using 'application/json', given [application/json] and supported [application/json]
2020-05-10 16:29:32,234 DEBUG o.s.w.s.m.m.a.HttpEntityMethodProcessor [http-nio-9002-exec-6] Writing [[Instrument(instrumentId=4, instrumentType=CASH_ON_HANDS, instrumentName=i4, ticket=, currencyItem=C (truncated)...]
2020-05-10 16:29:32,240 INFO o.h.e.i.StatisticalLoggingSessionEventListener [http-nio-9002-exec-6] Session Metrics {
    518700 nanoseconds spent acquiring 1 JDBC connections;
    0 nanoseconds spent releasing 0 JDBC connections;
    89400 nanoseconds spent preparing 4 JDBC statements;
    1540400 nanoseconds spent executing 4 JDBC statements;
    0 nanoseconds spent executing 0 JDBC batches;
    0 nanoseconds spent performing 0 L2C puts;
    0 nanoseconds spent performing 0 L2C hits;
    0 nanoseconds spent performing 0 L2C misses;
    0 nanoseconds spent executing 0 flushes (flushing a total of 0 entities and 0 collections);
    4500 nanoseconds spent executing 1 partial-flushes (flushing a total of 0 entities and 0 collections)
}
2020-05-10 16:29:32,240 DEBUG o.s.w.s.DispatcherServlet [http-nio-9002-exec-6] Completed 200 OK
2020-05-10 16:29:53,968 INFO c.n.d.s.r.a.ConfigClusterResolver [AsyncResolver-bootstrap-executor-0] Resolving eureka endpoints via configuration
2020-05-10 16:34:53,971 INFO c.n.d.s.r.a.ConfigClusterResolver [AsyncResolver-bootstrap-executor-0] Resolving eureka endpoints via configuration
