2020-05-28 12:20:07,909 INFO s.d.m.i.InstrumentApplication [main] No active profile set, falling back to default profiles: default
2020-05-28 12:20:10,625 INFO o.s.d.r.c.RepositoryConfigurationDelegate [main] Bootstrapping Spring Data JPA repositories in DEFAULT mode.
2020-05-28 12:20:11,016 INFO o.s.d.r.c.RepositoryConfigurationDelegate [main] Finished Spring Data repository scanning in 370ms. Found 1 JPA repository interfaces.
2020-05-28 12:20:11,293 WARN o.s.b.a.e.EndpointId [main] Endpoint ID 'service-registry' contains invalid characters, please migrate to a valid format.
2020-05-28 12:20:11,854 INFO o.s.c.c.s.GenericScope [main] BeanFactory id=e5bd0177-22c3-315f-9018-bb8ce3bee94a
2020-05-28 12:20:12,191 INFO o.s.c.s.PostProcessorRegistrationDelegate$BeanPostProcessorChecker [main] Bean 'org.springframework.transaction.annotation.ProxyTransactionManagementConfiguration' of type [org.springframework.transaction.annotation.ProxyTransactionManagementConfiguration] is not eligible for getting processed by all BeanPostProcessors (for example: not eligible for auto-proxying)
2020-05-28 12:20:12,823 INFO o.s.b.w.e.t.TomcatWebServer [main] Tomcat initialized with port(s): 9002 (http)
2020-05-28 12:20:12,846 INFO o.a.c.h.Http11NioProtocol [main] Initializing ProtocolHandler ["http-nio-9002"]
2020-05-28 12:20:12,847 INFO o.a.c.c.StandardService [main] Starting service [Tomcat]
2020-05-28 12:20:12,848 INFO o.a.c.c.StandardEngine [main] Starting Servlet engine: [Apache Tomcat/9.0.29]
2020-05-28 12:20:13,186 INFO o.a.c.c.C.[.[.[/] [main] Initializing Spring embedded WebApplicationContext
2020-05-28 12:20:13,187 DEBUG o.s.w.c.ContextLoader [main] Published root WebApplicationContext as ServletContext attribute with name [org.springframework.web.context.WebApplicationContext.ROOT]
2020-05-28 12:20:13,188 INFO o.s.w.c.ContextLoader [main] Root WebApplicationContext: initialization completed in 5236 ms
2020-05-28 12:20:14,305 WARN c.n.c.s.URLConfigurationSource [main] No URLs will be polled as dynamic configuration sources.
2020-05-28 12:20:14,306 INFO c.n.c.s.URLConfigurationSource [main] To enable URLs as dynamic configuration sources, define System property archaius.configurationSource.additionalUrls or make config.properties available on classpath.
2020-05-28 12:20:14,344 INFO c.n.c.DynamicPropertyFactory [main] DynamicPropertyFactory is initialized with configuration sources: com.netflix.config.ConcurrentCompositeConfiguration@748ac6f3
2020-05-28 12:20:16,380 INFO o.h.j.i.u.LogHelper [main] HHH000204: Processing PersistenceUnitInfo [name: default]
2020-05-28 12:20:16,655 INFO o.h.Version [main] HHH000412: Hibernate Core {5.4.9.Final}
2020-05-28 12:20:17,498 INFO o.h.a.c.Version [main] HCANN000001: Hibernate Commons Annotations {5.1.0.Final}
2020-05-28 12:20:17,797 INFO c.z.h.HikariDataSource [main] HikariPool-1 - Starting...
2020-05-28 12:20:17,993 INFO c.z.h.HikariDataSource [main] HikariPool-1 - Start completed.
2020-05-28 12:20:18,025 INFO o.h.d.Dialect [main] HHH000400: Using dialect: org.hibernate.dialect.PostgreSQLDialect
2020-05-28 12:20:19,557 INFO o.h.e.t.j.p.i.JtaPlatformInitiator [main] HHH000490: Using JtaPlatform implementation: [org.hibernate.engine.transaction.jta.platform.internal.NoJtaPlatform]
2020-05-28 12:20:19,567 INFO o.s.o.j.LocalContainerEntityManagerFactoryBean [main] Initialized JPA EntityManagerFactory for persistence unit 'default'
2020-05-28 12:20:19,757 INFO o.h.e.i.StatisticalLoggingSessionEventListener [main] Session Metrics {
    0 nanoseconds spent acquiring 0 JDBC connections;
    0 nanoseconds spent releasing 0 JDBC connections;
    0 nanoseconds spent preparing 0 JDBC statements;
    0 nanoseconds spent executing 0 JDBC statements;
    0 nanoseconds spent executing 0 JDBC batches;
    0 nanoseconds spent performing 0 L2C puts;
    0 nanoseconds spent performing 0 L2C hits;
    0 nanoseconds spent performing 0 L2C misses;
    0 nanoseconds spent executing 0 flushes (flushing a total of 0 entities and 0 collections);
    0 nanoseconds spent executing 0 partial-flushes (flushing a total of 0 entities and 0 collections)
}
2020-05-28 12:20:19,757 INFO o.h.e.i.StatisticalLoggingSessionEventListener [main] Session Metrics {
    0 nanoseconds spent acquiring 0 JDBC connections;
    0 nanoseconds spent releasing 0 JDBC connections;
    0 nanoseconds spent preparing 0 JDBC statements;
    0 nanoseconds spent executing 0 JDBC statements;
    0 nanoseconds spent executing 0 JDBC batches;
    0 nanoseconds spent performing 0 L2C puts;
    0 nanoseconds spent performing 0 L2C hits;
    0 nanoseconds spent performing 0 L2C misses;
    0 nanoseconds spent executing 0 flushes (flushing a total of 0 entities and 0 collections);
    0 nanoseconds spent executing 0 partial-flushes (flushing a total of 0 entities and 0 collections)
}
2020-05-28 12:20:19,837 INFO o.h.e.i.StatisticalLoggingSessionEventListener [main] Session Metrics {
    0 nanoseconds spent acquiring 0 JDBC connections;
    0 nanoseconds spent releasing 0 JDBC connections;
    0 nanoseconds spent preparing 0 JDBC statements;
    0 nanoseconds spent executing 0 JDBC statements;
    0 nanoseconds spent executing 0 JDBC batches;
    0 nanoseconds spent performing 0 L2C puts;
    0 nanoseconds spent performing 0 L2C hits;
    0 nanoseconds spent performing 0 L2C misses;
    0 nanoseconds spent executing 0 flushes (flushing a total of 0 entities and 0 collections);
    0 nanoseconds spent executing 0 partial-flushes (flushing a total of 0 entities and 0 collections)
}
2020-05-28 12:20:19,897 INFO o.h.e.i.StatisticalLoggingSessionEventListener [main] Session Metrics {
    0 nanoseconds spent acquiring 0 JDBC connections;
    0 nanoseconds spent releasing 0 JDBC connections;
    0 nanoseconds spent preparing 0 JDBC statements;
    0 nanoseconds spent executing 0 JDBC statements;
    0 nanoseconds spent executing 0 JDBC batches;
    0 nanoseconds spent performing 0 L2C puts;
    0 nanoseconds spent performing 0 L2C hits;
    0 nanoseconds spent performing 0 L2C misses;
    0 nanoseconds spent executing 0 flushes (flushing a total of 0 entities and 0 collections);
    0 nanoseconds spent executing 0 partial-flushes (flushing a total of 0 entities and 0 collections)
}
2020-05-28 12:20:19,937 INFO o.h.e.i.StatisticalLoggingSessionEventListener [main] Session Metrics {
    0 nanoseconds spent acquiring 0 JDBC connections;
    0 nanoseconds spent releasing 0 JDBC connections;
    0 nanoseconds spent preparing 0 JDBC statements;
    0 nanoseconds spent executing 0 JDBC statements;
    0 nanoseconds spent executing 0 JDBC batches;
    0 nanoseconds spent performing 0 L2C puts;
    0 nanoseconds spent performing 0 L2C hits;
    0 nanoseconds spent performing 0 L2C misses;
    0 nanoseconds spent executing 0 flushes (flushing a total of 0 entities and 0 collections);
    0 nanoseconds spent executing 0 partial-flushes (flushing a total of 0 entities and 0 collections)
}
2020-05-28 12:20:19,937 INFO o.h.e.i.StatisticalLoggingSessionEventListener [main] Session Metrics {
    0 nanoseconds spent acquiring 0 JDBC connections;
    0 nanoseconds spent releasing 0 JDBC connections;
    0 nanoseconds spent preparing 0 JDBC statements;
    0 nanoseconds spent executing 0 JDBC statements;
    0 nanoseconds spent executing 0 JDBC batches;
    0 nanoseconds spent performing 0 L2C puts;
    0 nanoseconds spent performing 0 L2C hits;
    0 nanoseconds spent performing 0 L2C misses;
    0 nanoseconds spent executing 0 flushes (flushing a total of 0 entities and 0 collections);
    0 nanoseconds spent executing 0 partial-flushes (flushing a total of 0 entities and 0 collections)
}
2020-05-28 12:20:20,037 INFO o.h.e.i.StatisticalLoggingSessionEventListener [main] Session Metrics {
    0 nanoseconds spent acquiring 0 JDBC connections;
    0 nanoseconds spent releasing 0 JDBC connections;
    0 nanoseconds spent preparing 0 JDBC statements;
    0 nanoseconds spent executing 0 JDBC statements;
    0 nanoseconds spent executing 0 JDBC batches;
    0 nanoseconds spent performing 0 L2C puts;
    0 nanoseconds spent performing 0 L2C hits;
    0 nanoseconds spent performing 0 L2C misses;
    0 nanoseconds spent executing 0 flushes (flushing a total of 0 entities and 0 collections);
    0 nanoseconds spent executing 0 partial-flushes (flushing a total of 0 entities and 0 collections)
}
2020-05-28 12:20:20,199 INFO o.h.e.i.StatisticalLoggingSessionEventListener [main] Session Metrics {
    0 nanoseconds spent acquiring 0 JDBC connections;
    0 nanoseconds spent releasing 0 JDBC connections;
    0 nanoseconds spent preparing 0 JDBC statements;
    0 nanoseconds spent executing 0 JDBC statements;
    0 nanoseconds spent executing 0 JDBC batches;
    0 nanoseconds spent performing 0 L2C puts;
    0 nanoseconds spent performing 0 L2C hits;
    0 nanoseconds spent performing 0 L2C misses;
    0 nanoseconds spent executing 0 flushes (flushing a total of 0 entities and 0 collections);
    0 nanoseconds spent executing 0 partial-flushes (flushing a total of 0 entities and 0 collections)
}
2020-05-28 12:20:20,236 WARN c.n.c.s.URLConfigurationSource [main] No URLs will be polled as dynamic configuration sources.
2020-05-28 12:20:20,237 INFO c.n.c.s.URLConfigurationSource [main] To enable URLs as dynamic configuration sources, define System property archaius.configurationSource.additionalUrls or make config.properties available on classpath.
2020-05-28 12:20:20,318 WARN o.s.b.a.o.j.JpaBaseConfiguration$JpaWebConfiguration [main] spring.jpa.open-in-view is enabled by default. Therefore, database queries may be performed during view rendering. Explicitly configure spring.jpa.open-in-view to disable this warning
2020-05-28 12:20:20,528 INFO o.s.s.c.ThreadPoolTaskExecutor [main] Initializing ExecutorService 'applicationTaskExecutor'
2020-05-28 12:20:20,551 DEBUG o.s.w.s.m.m.a.RequestMappingHandlerAdapter [main] ControllerAdvice beans: 0 @ModelAttribute, 0 @InitBinder, 1 RequestBodyAdvice, 1 ResponseBodyAdvice
2020-05-28 12:20:20,680 DEBUG o.s.w.s.m.m.a.RequestMappingHandlerMapping [main] 11 mappings in 'requestMappingHandlerMapping'
2020-05-28 12:20:20,745 DEBUG o.s.w.s.h.SimpleUrlHandlerMapping [main] Patterns [/webjars/**, /**] in 'resourceHandlerMapping'
2020-05-28 12:20:20,767 DEBUG o.s.w.s.m.m.a.ExceptionHandlerExceptionResolver [main] ControllerAdvice beans: 0 @ExceptionHandler, 1 ResponseBodyAdvice
2020-05-28 12:20:22,589 INFO o.s.c.c.u.InetUtils [main] Cannot determine local hostname
2020-05-28 12:20:24,850 INFO o.s.c.c.u.InetUtils [main] Cannot determine local hostname
2020-05-28 12:20:26,345 INFO o.s.c.c.u.InetUtils [main] Cannot determine local hostname
2020-05-28 12:20:26,406 WARN o.s.c.l.c.BlockingLoadBalancerClientAutoConfiguration$BlockingLoadBalancerClientRibbonWarnLogger [main] You already have RibbonLoadBalancerClient on your classpath. It will be used by default. As Spring Cloud Ribbon is in maintenance mode. We recommend switching to BlockingLoadBalancerClient instead. In order to use it, set the value of `spring.cloud.loadbalancer.ribbon.enabled` to `false` or remove spring-cloud-starter-netflix-ribbon from your project.
2020-05-28 12:20:26,503 INFO o.s.b.a.e.w.EndpointLinksResolver [main] Exposing 1 endpoint(s) beneath base path '/actuator'
2020-05-28 12:20:26,617 INFO o.s.c.n.e.InstanceInfoFactory [main] Setting initial instance status as: STARTING
