2020-05-07 05:26:48,078 INFO s.d.m.i.InstrumentApplication [main] No active profile set, falling back to default profiles: default
2020-05-07 05:26:49,077 INFO o.s.d.r.c.RepositoryConfigurationDelegate [main] Bootstrapping Spring Data JPA repositories in DEFAULT mode.
2020-05-07 05:26:49,306 INFO o.s.d.r.c.RepositoryConfigurationDelegate [main] Finished Spring Data repository scanning in 218ms. Found 1 JPA repository interfaces.
2020-05-07 05:26:49,461 WARN o.s.b.a.e.EndpointId [main] Endpoint ID 'service-registry' contains invalid characters, please migrate to a valid format.
2020-05-07 05:26:49,729 INFO o.s.c.c.s.GenericScope [main] BeanFactory id=e5bd0177-22c3-315f-9018-bb8ce3bee94a
2020-05-07 05:26:49,997 INFO o.s.c.s.PostProcessorRegistrationDelegate$BeanPostProcessorChecker [main] Bean 'org.springframework.transaction.annotation.ProxyTransactionManagementConfiguration' of type [org.springframework.transaction.annotation.ProxyTransactionManagementConfiguration] is not eligible for getting processed by all BeanPostProcessors (for example: not eligible for auto-proxying)
2020-05-07 05:26:50,341 INFO o.s.b.w.e.t.TomcatWebServer [main] Tomcat initialized with port(s): 9002 (http)
2020-05-07 05:26:50,355 INFO o.a.c.h.Http11NioProtocol [main] Initializing ProtocolHandler ["http-nio-9002"]
2020-05-07 05:26:50,356 INFO o.a.c.c.StandardService [main] Starting service [Tomcat]
2020-05-07 05:26:50,357 INFO o.a.c.c.StandardEngine [main] Starting Servlet engine: [Apache Tomcat/9.0.29]
2020-05-07 05:26:50,550 INFO o.a.c.c.C.[.[.[/] [main] Initializing Spring embedded WebApplicationContext
2020-05-07 05:26:50,551 DEBUG o.s.w.c.ContextLoader [main] Published root WebApplicationContext as ServletContext attribute with name [org.springframework.web.context.WebApplicationContext.ROOT]
2020-05-07 05:26:50,551 INFO o.s.w.c.ContextLoader [main] Root WebApplicationContext: initialization completed in 2444 ms
2020-05-07 05:26:50,695 WARN c.n.c.s.URLConfigurationSource [main] No URLs will be polled as dynamic configuration sources.
2020-05-07 05:26:50,696 INFO c.n.c.s.URLConfigurationSource [main] To enable URLs as dynamic configuration sources, define System property archaius.configurationSource.additionalUrls or make config.properties available on classpath.
2020-05-07 05:26:50,724 INFO c.n.c.DynamicPropertyFactory [main] DynamicPropertyFactory is initialized with configuration sources: com.netflix.config.ConcurrentCompositeConfiguration@3bb5ceb
2020-05-07 05:26:51,191 INFO o.h.j.i.u.LogHelper [main] HHH000204: Processing PersistenceUnitInfo [name: default]
2020-05-07 05:26:51,291 INFO o.h.Version [main] HHH000412: Hibernate Core {5.4.9.Final}
2020-05-07 05:26:51,469 INFO o.h.a.c.Version [main] HCANN000001: Hibernate Commons Annotations {5.1.0.Final}
2020-05-07 05:26:51,646 INFO c.z.h.HikariDataSource [main] HikariPool-1 - Starting...
2020-05-07 05:26:51,814 INFO c.z.h.HikariDataSource [main] HikariPool-1 - Start completed.
2020-05-07 05:26:51,842 INFO o.h.d.Dialect [main] HHH000400: Using dialect: org.hibernate.dialect.PostgreSQLDialect
2020-05-07 05:26:52,420 WARN o.s.b.w.s.c.AnnotationConfigServletWebServerApplicationContext [main] Exception encountered during context initialization - cancelling refresh attempt: org.springframework.beans.factory.BeanCreationException: Error creating bean with name 'entityManagerFactory' defined in class path resource [org/springframework/boot/autoconfigure/orm/jpa/HibernateJpaConfiguration.class]: Invocation of init method failed; nested exception is javax.persistence.PersistenceException: [PersistenceUnit: default] Unable to build Hibernate SessionFactory; nested exception is org.hibernate.cfg.beanvalidation.IntegrationException: Error activating Bean Validation integration
2020-05-07 05:26:52,424 INFO c.z.h.HikariDataSource [main] HikariPool-1 - Shutdown initiated...
2020-05-07 05:26:52,434 INFO c.z.h.HikariDataSource [main] HikariPool-1 - Shutdown completed.
2020-05-07 05:26:52,436 INFO o.a.c.c.StandardService [main] Stopping service [Tomcat]
2020-05-07 05:26:52,463 INFO o.s.b.a.l.ConditionEvaluationReportLoggingListener [main] 

Error starting ApplicationContext. To display the conditions report re-run your application with 'debug' enabled.
2020-05-07 05:26:52,473 ERROR o.s.b.SpringApplication [main] Application run failed
org.springframework.beans.factory.BeanCreationException: Error creating bean with name 'entityManagerFactory' defined in class path resource [org/springframework/boot/autoconfigure/orm/jpa/HibernateJpaConfiguration.class]: Invocation of init method failed; nested exception is javax.persistence.PersistenceException: [PersistenceUnit: default] Unable to build Hibernate SessionFactory; nested exception is org.hibernate.cfg.beanvalidation.IntegrationException: Error activating Bean Validation integration
	at org.springframework.beans.factory.support.AbstractAutowireCapableBeanFactory.initializeBean(AbstractAutowireCapableBeanFactory.java:1796) ~[spring-beans-5.2.2.RELEASE.jar:5.2.2.RELEASE]
	at org.springframework.beans.factory.support.AbstractAutowireCapableBeanFactory.doCreateBean(AbstractAutowireCapableBeanFactory.java:595) ~[spring-beans-5.2.2.RELEASE.jar:5.2.2.RELEASE]
	at org.springframework.beans.factory.support.AbstractAutowireCapableBeanFactory.createBean(AbstractAutowireCapableBeanFactory.java:517) ~[spring-beans-5.2.2.RELEASE.jar:5.2.2.RELEASE]
	at org.springframework.beans.factory.support.AbstractBeanFactory.lambda$doGetBean$0(AbstractBeanFactory.java:323) ~[spring-beans-5.2.2.RELEASE.jar:5.2.2.RELEASE]
	at org.springframework.beans.factory.support.DefaultSingletonBeanRegistry.getSingleton(DefaultSingletonBeanRegistry.java:222) ~[spring-beans-5.2.2.RELEASE.jar:5.2.2.RELEASE]
	at org.springframework.beans.factory.support.AbstractBeanFactory.doGetBean(AbstractBeanFactory.java:321) ~[spring-beans-5.2.2.RELEASE.jar:5.2.2.RELEASE]
	at org.springframework.beans.factory.support.AbstractBeanFactory.getBean(AbstractBeanFactory.java:202) ~[spring-beans-5.2.2.RELEASE.jar:5.2.2.RELEASE]
	at org.springframework.context.support.AbstractApplicationContext.getBean(AbstractApplicationContext.java:1108) ~[spring-context-5.2.2.RELEASE.jar:5.2.2.RELEASE]
	at org.springframework.context.support.AbstractApplicationContext.finishBeanFactoryInitialization(AbstractApplicationContext.java:868) ~[spring-context-5.2.2.RELEASE.jar:5.2.2.RELEASE]
	at org.springframework.context.support.AbstractApplicationContext.refresh(AbstractApplicationContext.java:550) ~[spring-context-5.2.2.RELEASE.jar:5.2.2.RELEASE]
	at org.springframework.boot.web.servlet.context.ServletWebServerApplicationContext.refresh(ServletWebServerApplicationContext.java:141) ~[spring-boot-2.2.2.RELEASE.jar:2.2.2.RELEASE]
	at org.springframework.boot.SpringApplication.refresh(SpringApplication.java:747) [spring-boot-2.2.2.RELEASE.jar:2.2.2.RELEASE]
	at org.springframework.boot.SpringApplication.refreshContext(SpringApplication.java:397) [spring-boot-2.2.2.RELEASE.jar:2.2.2.RELEASE]
	at org.springframework.boot.SpringApplication.run(SpringApplication.java:315) [spring-boot-2.2.2.RELEASE.jar:2.2.2.RELEASE]
	at org.springframework.boot.SpringApplication.run(SpringApplication.java:1226) [spring-boot-2.2.2.RELEASE.jar:2.2.2.RELEASE]
	at org.springframework.boot.SpringApplication.run(SpringApplication.java:1215) [spring-boot-2.2.2.RELEASE.jar:2.2.2.RELEASE]
	at steps.dev.myfinance7.instrument.InstrumentApplication.main(InstrumentApplication.java:14) [classes/:?]
Caused by: javax.persistence.PersistenceException: [PersistenceUnit: default] Unable to build Hibernate SessionFactory; nested exception is org.hibernate.cfg.beanvalidation.IntegrationException: Error activating Bean Validation integration
	at org.springframework.orm.jpa.AbstractEntityManagerFactoryBean.buildNativeEntityManagerFactory(AbstractEntityManagerFactoryBean.java:403) ~[spring-orm-5.2.2.RELEASE.jar:5.2.2.RELEASE]
	at org.springframework.orm.jpa.AbstractEntityManagerFactoryBean.afterPropertiesSet(AbstractEntityManagerFactoryBean.java:378) ~[spring-orm-5.2.2.RELEASE.jar:5.2.2.RELEASE]
	at org.springframework.orm.jpa.LocalContainerEntityManagerFactoryBean.afterPropertiesSet(LocalContainerEntityManagerFactoryBean.java:341) ~[spring-orm-5.2.2.RELEASE.jar:5.2.2.RELEASE]
	at org.springframework.beans.factory.support.AbstractAutowireCapableBeanFactory.invokeInitMethods(AbstractAutowireCapableBeanFactory.java:1855) ~[spring-beans-5.2.2.RELEASE.jar:5.2.2.RELEASE]
	at org.springframework.beans.factory.support.AbstractAutowireCapableBeanFactory.initializeBean(AbstractAutowireCapableBeanFactory.java:1792) ~[spring-beans-5.2.2.RELEASE.jar:5.2.2.RELEASE]
	... 16 more
Caused by: org.hibernate.cfg.beanvalidation.IntegrationException: Error activating Bean Validation integration
	at org.hibernate.cfg.beanvalidation.BeanValidationIntegrator.integrate(BeanValidationIntegrator.java:137) ~[hibernate-core-5.4.9.Final.jar:5.4.9.Final]
	at org.hibernate.internal.SessionFactoryImpl.<init>(SessionFactoryImpl.java:286) ~[hibernate-core-5.4.9.Final.jar:5.4.9.Final]
	at org.hibernate.boot.internal.SessionFactoryBuilderImpl.build(SessionFactoryBuilderImpl.java:462) ~[hibernate-core-5.4.9.Final.jar:5.4.9.Final]
	at org.hibernate.jpa.boot.internal.EntityManagerFactoryBuilderImpl.build(EntityManagerFactoryBuilderImpl.java:1237) ~[hibernate-core-5.4.9.Final.jar:5.4.9.Final]
	at org.springframework.orm.jpa.vendor.SpringHibernateJpaPersistenceProvider.createContainerEntityManagerFactory(SpringHibernateJpaPersistenceProvider.java:58) ~[spring-orm-5.2.2.RELEASE.jar:5.2.2.RELEASE]
	at org.springframework.orm.jpa.LocalContainerEntityManagerFactoryBean.createNativeEntityManagerFactory(LocalContainerEntityManagerFactoryBean.java:365) ~[spring-orm-5.2.2.RELEASE.jar:5.2.2.RELEASE]
	at org.springframework.orm.jpa.AbstractEntityManagerFactoryBean.buildNativeEntityManagerFactory(AbstractEntityManagerFactoryBean.java:391) ~[spring-orm-5.2.2.RELEASE.jar:5.2.2.RELEASE]
	at org.springframework.orm.jpa.AbstractEntityManagerFactoryBean.afterPropertiesSet(AbstractEntityManagerFactoryBean.java:378) ~[spring-orm-5.2.2.RELEASE.jar:5.2.2.RELEASE]
	at org.springframework.orm.jpa.LocalContainerEntityManagerFactoryBean.afterPropertiesSet(LocalContainerEntityManagerFactoryBean.java:341) ~[spring-orm-5.2.2.RELEASE.jar:5.2.2.RELEASE]
	at org.springframework.beans.factory.support.AbstractAutowireCapableBeanFactory.invokeInitMethods(AbstractAutowireCapableBeanFactory.java:1855) ~[spring-beans-5.2.2.RELEASE.jar:5.2.2.RELEASE]
	at org.springframework.beans.factory.support.AbstractAutowireCapableBeanFactory.initializeBean(AbstractAutowireCapableBeanFactory.java:1792) ~[spring-beans-5.2.2.RELEASE.jar:5.2.2.RELEASE]
	... 16 more
Caused by: java.lang.annotation.AnnotationFormatError: Duplicate annotation for class: interface javax.validation.constraints.NotNull: @javax.validation.constraints.NotNull(message={javax.validation.constraints.NotNull.message}, groups=[], payload=[])
	at sun.reflect.annotation.TypeAnnotationParser.mapTypeAnnotations(TypeAnnotationParser.java:360) ~[?:1.8.0_201]
	at sun.reflect.annotation.AnnotatedTypeFactory$AnnotatedTypeBaseImpl.<init>(AnnotatedTypeFactory.java:139) ~[?:1.8.0_201]
	at sun.reflect.annotation.AnnotatedTypeFactory.buildAnnotatedType(AnnotatedTypeFactory.java:65) ~[?:1.8.0_201]
	at sun.reflect.annotation.TypeAnnotationParser.buildAnnotatedType(TypeAnnotationParser.java:79) ~[?:1.8.0_201]
	at java.lang.reflect.Field.getAnnotatedType(Field.java:1170) ~[?:1.8.0_201]
	at org.hibernate.validator.internal.metadata.provider.AnnotationMetaDataProvider.findCascadingMetaData(AnnotationMetaDataProvider.java:618) ~[hibernate-validator-6.0.18.Final.jar:6.0.18.Final]
	at org.hibernate.validator.internal.metadata.provider.AnnotationMetaDataProvider.findPropertyMetaData(AnnotationMetaDataProvider.java:236) ~[hibernate-validator-6.0.18.Final.jar:6.0.18.Final]
	at org.hibernate.validator.internal.metadata.provider.AnnotationMetaDataProvider.getFieldMetaData(AnnotationMetaDataProvider.java:225) ~[hibernate-validator-6.0.18.Final.jar:6.0.18.Final]
	at org.hibernate.validator.internal.metadata.provider.AnnotationMetaDataProvider.retrieveBeanConfiguration(AnnotationMetaDataProvider.java:133) ~[hibernate-validator-6.0.18.Final.jar:6.0.18.Final]
	at org.hibernate.validator.internal.metadata.provider.AnnotationMetaDataProvider.getBeanConfiguration(AnnotationMetaDataProvider.java:124) ~[hibernate-validator-6.0.18.Final.jar:6.0.18.Final]
	at org.hibernate.validator.internal.metadata.BeanMetaDataManager.getBeanConfigurationForHierarchy(BeanMetaDataManager.java:232) ~[hibernate-validator-6.0.18.Final.jar:6.0.18.Final]
	at org.hibernate.validator.internal.metadata.BeanMetaDataManager.createBeanMetaData(BeanMetaDataManager.java:199) ~[hibernate-validator-6.0.18.Final.jar:6.0.18.Final]
	at org.hibernate.validator.internal.metadata.BeanMetaDataManager.getBeanMetaData(BeanMetaDataManager.java:166) ~[hibernate-validator-6.0.18.Final.jar:6.0.18.Final]
	at org.hibernate.validator.internal.engine.ValidatorImpl.getConstraintsForClass(ValidatorImpl.java:313) ~[hibernate-validator-6.0.18.Final.jar:6.0.18.Final]
	at org.hibernate.cfg.beanvalidation.TypeSafeActivator.applyDDL(TypeSafeActivator.java:207) ~[hibernate-core-5.4.9.Final.jar:5.4.9.Final]
	at org.hibernate.cfg.beanvalidation.TypeSafeActivator.applyRelationalConstraints(TypeSafeActivator.java:191) ~[hibernate-core-5.4.9.Final.jar:5.4.9.Final]
	at org.hibernate.cfg.beanvalidation.TypeSafeActivator.applyRelationalConstraints(TypeSafeActivator.java:150) ~[hibernate-core-5.4.9.Final.jar:5.4.9.Final]
	at org.hibernate.cfg.beanvalidation.TypeSafeActivator.activate(TypeSafeActivator.java:98) ~[hibernate-core-5.4.9.Final.jar:5.4.9.Final]
	at sun.reflect.NativeMethodAccessorImpl.invoke0(Native Method) ~[?:1.8.0_201]
	at sun.reflect.NativeMethodAccessorImpl.invoke(NativeMethodAccessorImpl.java:62) ~[?:1.8.0_201]
	at sun.reflect.DelegatingMethodAccessorImpl.invoke(DelegatingMethodAccessorImpl.java:43) ~[?:1.8.0_201]
	at java.lang.reflect.Method.invoke(Method.java:498) ~[?:1.8.0_201]
	at org.hibernate.cfg.beanvalidation.BeanValidationIntegrator.integrate(BeanValidationIntegrator.java:131) ~[hibernate-core-5.4.9.Final.jar:5.4.9.Final]
	at org.hibernate.internal.SessionFactoryImpl.<init>(SessionFactoryImpl.java:286) ~[hibernate-core-5.4.9.Final.jar:5.4.9.Final]
	at org.hibernate.boot.internal.SessionFactoryBuilderImpl.build(SessionFactoryBuilderImpl.java:462) ~[hibernate-core-5.4.9.Final.jar:5.4.9.Final]
	at org.hibernate.jpa.boot.internal.EntityManagerFactoryBuilderImpl.build(EntityManagerFactoryBuilderImpl.java:1237) ~[hibernate-core-5.4.9.Final.jar:5.4.9.Final]
	at org.springframework.orm.jpa.vendor.SpringHibernateJpaPersistenceProvider.createContainerEntityManagerFactory(SpringHibernateJpaPersistenceProvider.java:58) ~[spring-orm-5.2.2.RELEASE.jar:5.2.2.RELEASE]
	at org.springframework.orm.jpa.LocalContainerEntityManagerFactoryBean.createNativeEntityManagerFactory(LocalContainerEntityManagerFactoryBean.java:365) ~[spring-orm-5.2.2.RELEASE.jar:5.2.2.RELEASE]
	at org.springframework.orm.jpa.AbstractEntityManagerFactoryBean.buildNativeEntityManagerFactory(AbstractEntityManagerFactoryBean.java:391) ~[spring-orm-5.2.2.RELEASE.jar:5.2.2.RELEASE]
	at org.springframework.orm.jpa.AbstractEntityManagerFactoryBean.afterPropertiesSet(AbstractEntityManagerFactoryBean.java:378) ~[spring-orm-5.2.2.RELEASE.jar:5.2.2.RELEASE]
	at org.springframework.orm.jpa.LocalContainerEntityManagerFactoryBean.afterPropertiesSet(LocalContainerEntityManagerFactoryBean.java:341) ~[spring-orm-5.2.2.RELEASE.jar:5.2.2.RELEASE]
	at org.springframework.beans.factory.support.AbstractAutowireCapableBeanFactory.invokeInitMethods(AbstractAutowireCapableBeanFactory.java:1855) ~[spring-beans-5.2.2.RELEASE.jar:5.2.2.RELEASE]
	at org.springframework.beans.factory.support.AbstractAutowireCapableBeanFactory.initializeBean(AbstractAutowireCapableBeanFactory.java:1792) ~[spring-beans-5.2.2.RELEASE.jar:5.2.2.RELEASE]
	... 16 more
