2020-05-17 19:19:39,382 INFO s.d.m.i.InstrumentApplication [main] No active profile set, falling back to default profiles: default
2020-05-17 19:19:40,145 DEBUG o.s.w.s.DispatcherServlet [http-nio-9002-exec-9] GET "/instrument/tickets_by_receiver/MOSCOW_EXCHENGE_STOCKS", parameters={}
2020-05-17 19:19:40,146 DEBUG o.s.w.s.m.m.a.RequestMappingHandlerMapping [http-nio-9002-exec-9] Mapped to steps.dev.myfinance7.instrument.controller.InstrumentController#getTicketsByExchangeReceiverName(String)
2020-05-17 19:19:40,150 DEBUG o.s.w.s.m.m.a.HttpEntityMethodProcessor [http-nio-9002-exec-9] Using 'application/json', given [application/json] and supported [application/json]
2020-05-17 19:19:40,150 DEBUG o.s.w.s.m.m.a.HttpEntityMethodProcessor [http-nio-9002-exec-9] Writing [[AFKS, MOEX, SBER, ]]
2020-05-17 19:19:40,150 INFO o.h.e.i.StatisticalLoggingSessionEventListener [http-nio-9002-exec-9] Session Metrics {
    1061300 nanoseconds spent acquiring 1 JDBC connections;
    0 nanoseconds spent releasing 0 JDBC connections;
    1087300 nanoseconds spent preparing 1 JDBC statements;
    482300 nanoseconds spent executing 1 JDBC statements;
    0 nanoseconds spent executing 0 JDBC batches;
    0 nanoseconds spent performing 0 L2C puts;
    0 nanoseconds spent performing 0 L2C hits;
    0 nanoseconds spent performing 0 L2C misses;
    0 nanoseconds spent executing 0 flushes (flushing a total of 0 entities and 0 collections);
    0 nanoseconds spent executing 0 partial-flushes (flushing a total of 0 entities and 0 collections)
}
2020-05-17 19:19:40,151 DEBUG o.s.w.s.DispatcherServlet [http-nio-9002-exec-9] Completed 200 OK
2020-05-17 19:19:40,191 DEBUG o.s.w.s.DispatcherServlet [http-nio-9002-exec-10] POST "/instrument/update_prices_by_tickets", parameters={}
2020-05-17 19:19:40,191 DEBUG o.s.w.s.m.m.a.RequestMappingHandlerMapping [http-nio-9002-exec-10] Mapped to steps.dev.myfinance7.instrument.controller.InstrumentController#updateQuotesByTickets(List)
2020-05-17 19:19:40,199 DEBUG o.s.w.s.m.m.a.RequestResponseBodyMethodProcessor [http-nio-9002-exec-10] Read "application/json;charset=UTF-8" to [[SecurityQuote(ticket=AFKS, price=14.0, datetime=2020-05-15T19:31:05+03:00[Europe/Moscow]), Security (truncated)...]
2020-05-17 19:19:40,209 INFO o.h.e.i.StatisticalLoggingSessionEventListener [http-nio-9002-exec-10] Session Metrics {
    33000 nanoseconds spent acquiring 1 JDBC connections;
    0 nanoseconds spent releasing 0 JDBC connections;
    48200 nanoseconds spent preparing 3 JDBC statements;
    2241400 nanoseconds spent executing 3 JDBC statements;
    0 nanoseconds spent executing 0 JDBC batches;
    0 nanoseconds spent performing 0 L2C puts;
    0 nanoseconds spent performing 0 L2C hits;
    0 nanoseconds spent performing 0 L2C misses;
    0 nanoseconds spent executing 0 flushes (flushing a total of 0 entities and 0 collections);
    15500 nanoseconds spent executing 3 partial-flushes (flushing a total of 0 entities and 0 collections)
}
2020-05-17 19:19:40,209 DEBUG o.s.w.s.DispatcherServlet [http-nio-9002-exec-10] Completed 200 OK
2020-05-17 19:19:40,215 DEBUG o.s.w.s.DispatcherServlet [http-nio-9002-exec-1] GET "/instrument/tickets_by_receiver/MOSCOW_EXCHENGE_BONDS_TQOB", parameters={}
2020-05-17 19:19:40,216 DEBUG o.s.w.s.m.m.a.RequestMappingHandlerMapping [http-nio-9002-exec-1] Mapped to steps.dev.myfinance7.instrument.controller.InstrumentController#getTicketsByExchangeReceiverName(String)
2020-05-17 19:19:40,218 DEBUG o.s.w.s.m.m.a.HttpEntityMethodProcessor [http-nio-9002-exec-1] Using 'application/json', given [application/json] and supported [application/json]
2020-05-17 19:19:40,218 DEBUG o.s.w.s.m.m.a.HttpEntityMethodProcessor [http-nio-9002-exec-1] Writing [[SU26205RMFS3]]
2020-05-17 19:19:40,218 INFO o.h.e.i.StatisticalLoggingSessionEventListener [http-nio-9002-exec-1] Session Metrics {
    42100 nanoseconds spent acquiring 1 JDBC connections;
    0 nanoseconds spent releasing 0 JDBC connections;
    60600 nanoseconds spent preparing 1 JDBC statements;
    560700 nanoseconds spent executing 1 JDBC statements;
    0 nanoseconds spent executing 0 JDBC batches;
    0 nanoseconds spent performing 0 L2C puts;
    0 nanoseconds spent performing 0 L2C hits;
    0 nanoseconds spent performing 0 L2C misses;
    0 nanoseconds spent executing 0 flushes (flushing a total of 0 entities and 0 collections);
    0 nanoseconds spent executing 0 partial-flushes (flushing a total of 0 entities and 0 collections)
}
2020-05-17 19:19:40,219 DEBUG o.s.w.s.DispatcherServlet [http-nio-9002-exec-1] Completed 200 OK
2020-05-17 19:19:40,254 DEBUG o.s.w.s.DispatcherServlet [http-nio-9002-exec-2] POST "/instrument/update_prices_by_tickets", parameters={}
2020-05-17 19:19:40,255 DEBUG o.s.w.s.m.m.a.RequestMappingHandlerMapping [http-nio-9002-exec-2] Mapped to steps.dev.myfinance7.instrument.controller.InstrumentController#updateQuotesByTickets(List)
2020-05-17 19:19:40,255 DEBUG o.s.w.s.m.m.a.RequestResponseBodyMethodProcessor [http-nio-9002-exec-2] Read "application/json;charset=UTF-8" to [[SecurityQuote(ticket=SU26205RMFS3, price=102.526, datetime=2020-05-15T19:32:13+03:00[Europe/Moscow] (truncated)...]
2020-05-17 19:19:40,258 INFO o.h.e.i.StatisticalLoggingSessionEventListener [http-nio-9002-exec-2] Session Metrics {
    28000 nanoseconds spent acquiring 1 JDBC connections;
    0 nanoseconds spent releasing 0 JDBC connections;
    14400 nanoseconds spent preparing 1 JDBC statements;
    847800 nanoseconds spent executing 1 JDBC statements;
    0 nanoseconds spent executing 0 JDBC batches;
    0 nanoseconds spent performing 0 L2C puts;
    0 nanoseconds spent performing 0 L2C hits;
    0 nanoseconds spent performing 0 L2C misses;
    0 nanoseconds spent executing 0 flushes (flushing a total of 0 entities and 0 collections);
    4500 nanoseconds spent executing 1 partial-flushes (flushing a total of 0 entities and 0 collections)
}
2020-05-17 19:19:40,263 DEBUG o.s.w.s.DispatcherServlet [http-nio-9002-exec-2] Completed 200 OK
2020-05-17 19:19:40,272 DEBUG o.s.w.s.DispatcherServlet [http-nio-9002-exec-3] GET "/instrument/tickets_by_receiver/MOSCOW_EXCHENGE_CURRENCIES", parameters={}
2020-05-17 19:19:40,273 DEBUG o.s.w.s.m.m.a.RequestMappingHandlerMapping [http-nio-9002-exec-3] Mapped to steps.dev.myfinance7.instrument.controller.InstrumentController#getTicketsByExchangeReceiverName(String)
2020-05-17 19:19:40,276 DEBUG o.s.w.s.m.m.a.HttpEntityMethodProcessor [http-nio-9002-exec-3] Using 'application/json', given [application/json] and supported [application/json]
2020-05-17 19:19:40,276 DEBUG o.s.w.s.m.m.a.HttpEntityMethodProcessor [http-nio-9002-exec-3] Writing [[]]
2020-05-17 19:19:40,277 INFO o.h.e.i.StatisticalLoggingSessionEventListener [http-nio-9002-exec-3] Session Metrics {
    48400 nanoseconds spent acquiring 1 JDBC connections;
    0 nanoseconds spent releasing 0 JDBC connections;
    71400 nanoseconds spent preparing 1 JDBC statements;
    721000 nanoseconds spent executing 1 JDBC statements;
    0 nanoseconds spent executing 0 JDBC batches;
    0 nanoseconds spent performing 0 L2C puts;
    0 nanoseconds spent performing 0 L2C hits;
    0 nanoseconds spent performing 0 L2C misses;
    0 nanoseconds spent executing 0 flushes (flushing a total of 0 entities and 0 collections);
    0 nanoseconds spent executing 0 partial-flushes (flushing a total of 0 entities and 0 collections)
}
2020-05-17 19:19:40,277 DEBUG o.s.w.s.DispatcherServlet [http-nio-9002-exec-3] Completed 200 OK
2020-05-17 19:19:40,282 DEBUG o.s.w.s.DispatcherServlet [http-nio-9002-exec-4] GET "/instrument/tickets_by_receiver/MOSCOW_EXCHENGE_BONDS_TQOD", parameters={}
2020-05-17 19:19:40,284 DEBUG o.s.w.s.m.m.a.RequestMappingHandlerMapping [http-nio-9002-exec-4] Mapped to steps.dev.myfinance7.instrument.controller.InstrumentController#getTicketsByExchangeReceiverName(String)
2020-05-17 19:19:40,287 DEBUG o.s.w.s.m.m.a.HttpEntityMethodProcessor [http-nio-9002-exec-4] Using 'application/json', given [application/json] and supported [application/json]
2020-05-17 19:19:40,287 DEBUG o.s.w.s.m.m.a.HttpEntityMethodProcessor [http-nio-9002-exec-4] Writing [[XS0559915961]]
2020-05-17 19:19:40,289 INFO o.h.e.i.StatisticalLoggingSessionEventListener [http-nio-9002-exec-4] Session Metrics {
    45600 nanoseconds spent acquiring 1 JDBC connections;
    0 nanoseconds spent releasing 0 JDBC connections;
    65900 nanoseconds spent preparing 1 JDBC statements;
    755900 nanoseconds spent executing 1 JDBC statements;
    0 nanoseconds spent executing 0 JDBC batches;
    0 nanoseconds spent performing 0 L2C puts;
    0 nanoseconds spent performing 0 L2C hits;
    0 nanoseconds spent performing 0 L2C misses;
    0 nanoseconds spent executing 0 flushes (flushing a total of 0 entities and 0 collections);
    0 nanoseconds spent executing 0 partial-flushes (flushing a total of 0 entities and 0 collections)
}
2020-05-17 19:19:40,290 DEBUG o.s.w.s.DispatcherServlet [http-nio-9002-exec-4] Completed 200 OK
2020-05-17 19:19:40,321 DEBUG o.s.w.s.DispatcherServlet [http-nio-9002-exec-5] POST "/instrument/update_prices_by_tickets", parameters={}
2020-05-17 19:19:40,322 DEBUG o.s.w.s.m.m.a.RequestMappingHandlerMapping [http-nio-9002-exec-5] Mapped to steps.dev.myfinance7.instrument.controller.InstrumentController#updateQuotesByTickets(List)
2020-05-17 19:19:40,325 DEBUG o.s.w.s.m.m.a.RequestResponseBodyMethodProcessor [http-nio-9002-exec-5] Read "application/json;charset=UTF-8" to [[SecurityQuote(ticket=XS0559915961, price=116.9009, datetime=2020-05-15T19:32:24+03:00[Europe/Moscow (truncated)...]
2020-05-17 19:19:40,328 INFO o.h.e.i.StatisticalLoggingSessionEventListener [http-nio-9002-exec-5] Session Metrics {
    29200 nanoseconds spent acquiring 1 JDBC connections;
    0 nanoseconds spent releasing 0 JDBC connections;
    16200 nanoseconds spent preparing 1 JDBC statements;
    631800 nanoseconds spent executing 1 JDBC statements;
    0 nanoseconds spent executing 0 JDBC batches;
    0 nanoseconds spent performing 0 L2C puts;
    0 nanoseconds spent performing 0 L2C hits;
    0 nanoseconds spent performing 0 L2C misses;
    0 nanoseconds spent executing 0 flushes (flushing a total of 0 entities and 0 collections);
    6600 nanoseconds spent executing 1 partial-flushes (flushing a total of 0 entities and 0 collections)
}
2020-05-17 19:19:40,329 DEBUG o.s.w.s.DispatcherServlet [http-nio-9002-exec-5] Completed 200 OK
2020-05-17 19:19:40,811 INFO o.s.d.r.c.RepositoryConfigurationDelegate [main] Bootstrapping Spring Data JPA repositories in DEFAULT mode.
2020-05-17 19:19:41,100 INFO o.s.d.r.c.RepositoryConfigurationDelegate [main] Finished Spring Data repository scanning in 277ms. Found 1 JPA repository interfaces.
2020-05-17 19:19:41,341 WARN o.s.b.a.e.EndpointId [main] Endpoint ID 'service-registry' contains invalid characters, please migrate to a valid format.
2020-05-17 19:19:41,675 INFO o.s.c.c.s.GenericScope [main] BeanFactory id=e5bd0177-22c3-315f-9018-bb8ce3bee94a
2020-05-17 19:19:42,031 INFO o.s.c.s.PostProcessorRegistrationDelegate$BeanPostProcessorChecker [main] Bean 'org.springframework.transaction.annotation.ProxyTransactionManagementConfiguration' of type [org.springframework.transaction.annotation.ProxyTransactionManagementConfiguration] is not eligible for getting processed by all BeanPostProcessors (for example: not eligible for auto-proxying)
2020-05-17 19:19:42,510 INFO o.s.b.w.e.t.TomcatWebServer [main] Tomcat initialized with port(s): 7001 (http)
2020-05-17 19:19:42,526 INFO o.a.c.h.Http11NioProtocol [main] Initializing ProtocolHandler ["http-nio-7001"]
2020-05-17 19:19:42,527 INFO o.a.c.c.StandardService [main] Starting service [Tomcat]
2020-05-17 19:19:42,529 INFO o.a.c.c.StandardEngine [main] Starting Servlet engine: [Apache Tomcat/9.0.29]
2020-05-17 19:19:42,756 INFO o.a.c.c.C.[.[.[/] [main] Initializing Spring embedded WebApplicationContext
2020-05-17 19:19:42,756 DEBUG o.s.w.c.ContextLoader [main] Published root WebApplicationContext as ServletContext attribute with name [org.springframework.web.context.WebApplicationContext.ROOT]
2020-05-17 19:19:42,757 INFO o.s.w.c.ContextLoader [main] Root WebApplicationContext: initialization completed in 3329 ms
2020-05-17 19:19:42,924 WARN c.n.c.s.URLConfigurationSource [main] No URLs will be polled as dynamic configuration sources.
2020-05-17 19:19:42,925 INFO c.n.c.s.URLConfigurationSource [main] To enable URLs as dynamic configuration sources, define System property archaius.configurationSource.additionalUrls or make config.properties available on classpath.
2020-05-17 19:19:42,976 INFO c.n.c.DynamicPropertyFactory [main] DynamicPropertyFactory is initialized with configuration sources: com.netflix.config.ConcurrentCompositeConfiguration@d3f4505
2020-05-17 19:19:43,789 INFO o.h.j.i.u.LogHelper [main] HHH000204: Processing PersistenceUnitInfo [name: default]
2020-05-17 19:19:44,008 INFO o.h.Version [main] HHH000412: Hibernate Core {5.4.9.Final}
2020-05-17 19:19:44,252 INFO o.h.a.c.Version [main] HCANN000001: Hibernate Commons Annotations {5.1.0.Final}
2020-05-17 19:19:44,537 INFO c.z.h.HikariDataSource [main] HikariPool-1 - Starting...
2020-05-17 19:19:44,801 INFO c.z.h.HikariDataSource [main] HikariPool-1 - Start completed.
2020-05-17 19:19:44,833 INFO o.h.d.Dialect [main] HHH000400: Using dialect: org.hibernate.dialect.PostgreSQLDialect
2020-05-17 19:19:46,755 INFO o.h.e.t.j.p.i.JtaPlatformInitiator [main] HHH000490: Using JtaPlatform implementation: [org.hibernate.engine.transaction.jta.platform.internal.NoJtaPlatform]
2020-05-17 19:19:46,765 INFO o.s.o.j.LocalContainerEntityManagerFactoryBean [main] Initialized JPA EntityManagerFactory for persistence unit 'default'
2020-05-17 19:19:47,014 INFO o.h.e.i.StatisticalLoggingSessionEventListener [main] Session Metrics {
    0 nanoseconds spent acquiring 0 JDBC connections;
    0 nanoseconds spent releasing 0 JDBC connections;
    0 nanoseconds spent preparing 0 JDBC statements;
    0 nanoseconds spent executing 0 JDBC statements;
    0 nanoseconds spent executing 0 JDBC batches;
    0 nanoseconds spent performing 0 L2C puts;
    0 nanoseconds spent performing 0 L2C hits;
    0 nanoseconds spent performing 0 L2C misses;
    0 nanoseconds spent executing 0 flushes (flushing a total of 0 entities and 0 collections);
    0 nanoseconds spent executing 0 partial-flushes (flushing a total of 0 entities and 0 collections)
}
2020-05-17 19:19:47,016 INFO o.h.e.i.StatisticalLoggingSessionEventListener [main] Session Metrics {
    0 nanoseconds spent acquiring 0 JDBC connections;
    0 nanoseconds spent releasing 0 JDBC connections;
    0 nanoseconds spent preparing 0 JDBC statements;
    0 nanoseconds spent executing 0 JDBC statements;
    0 nanoseconds spent executing 0 JDBC batches;
    0 nanoseconds spent performing 0 L2C puts;
    0 nanoseconds spent performing 0 L2C hits;
    0 nanoseconds spent performing 0 L2C misses;
    0 nanoseconds spent executing 0 flushes (flushing a total of 0 entities and 0 collections);
    0 nanoseconds spent executing 0 partial-flushes (flushing a total of 0 entities and 0 collections)
}
2020-05-17 19:19:47,171 INFO o.h.e.i.StatisticalLoggingSessionEventListener [main] Session Metrics {
    0 nanoseconds spent acquiring 0 JDBC connections;
    0 nanoseconds spent releasing 0 JDBC connections;
    0 nanoseconds spent preparing 0 JDBC statements;
    0 nanoseconds spent executing 0 JDBC statements;
    0 nanoseconds spent executing 0 JDBC batches;
    0 nanoseconds spent performing 0 L2C puts;
    0 nanoseconds spent performing 0 L2C hits;
    0 nanoseconds spent performing 0 L2C misses;
    0 nanoseconds spent executing 0 flushes (flushing a total of 0 entities and 0 collections);
    0 nanoseconds spent executing 0 partial-flushes (flushing a total of 0 entities and 0 collections)
}
2020-05-17 19:19:47,289 INFO o.h.e.i.StatisticalLoggingSessionEventListener [main] Session Metrics {
    0 nanoseconds spent acquiring 0 JDBC connections;
    0 nanoseconds spent releasing 0 JDBC connections;
    0 nanoseconds spent preparing 0 JDBC statements;
    0 nanoseconds spent executing 0 JDBC statements;
    0 nanoseconds spent executing 0 JDBC batches;
    0 nanoseconds spent performing 0 L2C puts;
    0 nanoseconds spent performing 0 L2C hits;
    0 nanoseconds spent performing 0 L2C misses;
    0 nanoseconds spent executing 0 flushes (flushing a total of 0 entities and 0 collections);
    0 nanoseconds spent executing 0 partial-flushes (flushing a total of 0 entities and 0 collections)
}
2020-05-17 19:19:47,425 INFO o.h.e.i.StatisticalLoggingSessionEventListener [main] Session Metrics {
    0 nanoseconds spent acquiring 0 JDBC connections;
    0 nanoseconds spent releasing 0 JDBC connections;
    0 nanoseconds spent preparing 0 JDBC statements;
    0 nanoseconds spent executing 0 JDBC statements;
    0 nanoseconds spent executing 0 JDBC batches;
    0 nanoseconds spent performing 0 L2C puts;
    0 nanoseconds spent performing 0 L2C hits;
    0 nanoseconds spent performing 0 L2C misses;
    0 nanoseconds spent executing 0 flushes (flushing a total of 0 entities and 0 collections);
    0 nanoseconds spent executing 0 partial-flushes (flushing a total of 0 entities and 0 collections)
}
2020-05-17 19:19:47,433 INFO o.h.e.i.StatisticalLoggingSessionEventListener [main] Session Metrics {
    0 nanoseconds spent acquiring 0 JDBC connections;
    0 nanoseconds spent releasing 0 JDBC connections;
    0 nanoseconds spent preparing 0 JDBC statements;
    0 nanoseconds spent executing 0 JDBC statements;
    0 nanoseconds spent executing 0 JDBC batches;
    0 nanoseconds spent performing 0 L2C puts;
    0 nanoseconds spent performing 0 L2C hits;
    0 nanoseconds spent performing 0 L2C misses;
    0 nanoseconds spent executing 0 flushes (flushing a total of 0 entities and 0 collections);
    0 nanoseconds spent executing 0 partial-flushes (flushing a total of 0 entities and 0 collections)
}
2020-05-17 19:19:47,569 INFO o.h.e.i.StatisticalLoggingSessionEventListener [main] Session Metrics {
    0 nanoseconds spent acquiring 0 JDBC connections;
    0 nanoseconds spent releasing 0 JDBC connections;
    0 nanoseconds spent preparing 0 JDBC statements;
    0 nanoseconds spent executing 0 JDBC statements;
    0 nanoseconds spent executing 0 JDBC batches;
    0 nanoseconds spent performing 0 L2C puts;
    0 nanoseconds spent performing 0 L2C hits;
    0 nanoseconds spent performing 0 L2C misses;
    0 nanoseconds spent executing 0 flushes (flushing a total of 0 entities and 0 collections);
    0 nanoseconds spent executing 0 partial-flushes (flushing a total of 0 entities and 0 collections)
}
2020-05-17 19:19:47,718 INFO o.h.e.i.StatisticalLoggingSessionEventListener [main] Session Metrics {
    0 nanoseconds spent acquiring 0 JDBC connections;
    0 nanoseconds spent releasing 0 JDBC connections;
    0 nanoseconds spent preparing 0 JDBC statements;
    0 nanoseconds spent executing 0 JDBC statements;
    0 nanoseconds spent executing 0 JDBC batches;
    0 nanoseconds spent performing 0 L2C puts;
    0 nanoseconds spent performing 0 L2C hits;
    0 nanoseconds spent performing 0 L2C misses;
    0 nanoseconds spent executing 0 flushes (flushing a total of 0 entities and 0 collections);
    0 nanoseconds spent executing 0 partial-flushes (flushing a total of 0 entities and 0 collections)
}
2020-05-17 19:19:47,757 WARN c.n.c.s.URLConfigurationSource [main] No URLs will be polled as dynamic configuration sources.
2020-05-17 19:19:47,757 INFO c.n.c.s.URLConfigurationSource [main] To enable URLs as dynamic configuration sources, define System property archaius.configurationSource.additionalUrls or make config.properties available on classpath.
2020-05-17 19:19:47,888 WARN o.s.b.a.o.j.JpaBaseConfiguration$JpaWebConfiguration [main] spring.jpa.open-in-view is enabled by default. Therefore, database queries may be performed during view rendering. Explicitly configure spring.jpa.open-in-view to disable this warning
2020-05-17 19:19:48,114 INFO o.s.s.c.ThreadPoolTaskExecutor [main] Initializing ExecutorService 'applicationTaskExecutor'
2020-05-17 19:19:48,168 DEBUG o.s.w.s.m.m.a.RequestMappingHandlerAdapter [main] ControllerAdvice beans: 0 @ModelAttribute, 0 @InitBinder, 1 RequestBodyAdvice, 1 ResponseBodyAdvice
2020-05-17 19:19:48,304 DEBUG o.s.w.s.m.m.a.RequestMappingHandlerMapping [main] 11 mappings in 'requestMappingHandlerMapping'
2020-05-17 19:19:48,368 DEBUG o.s.w.s.h.SimpleUrlHandlerMapping [main] Patterns [/webjars/**, /**] in 'resourceHandlerMapping'
2020-05-17 19:19:48,388 DEBUG o.s.w.s.m.m.a.ExceptionHandlerExceptionResolver [main] ControllerAdvice beans: 0 @ExceptionHandler, 1 ResponseBodyAdvice
2020-05-17 19:19:50,143 DEBUG o.s.w.s.DispatcherServlet [http-nio-9002-exec-6] GET "/instrument/tickets_by_receiver/MOSCOW_EXCHENGE_STOCKS", parameters={}
2020-05-17 19:19:50,144 DEBUG o.s.w.s.m.m.a.RequestMappingHandlerMapping [http-nio-9002-exec-6] Mapped to steps.dev.myfinance7.instrument.controller.InstrumentController#getTicketsByExchangeReceiverName(String)
2020-05-17 19:19:50,147 DEBUG o.s.w.s.m.m.a.HttpEntityMethodProcessor [http-nio-9002-exec-6] Using 'application/json', given [application/json] and supported [application/json]
2020-05-17 19:19:50,148 DEBUG o.s.w.s.m.m.a.HttpEntityMethodProcessor [http-nio-9002-exec-6] Writing [[, AFKS, MOEX, SBER]]
2020-05-17 19:19:50,148 INFO o.h.e.i.StatisticalLoggingSessionEventListener [http-nio-9002-exec-6] Session Metrics {
    791200 nanoseconds spent acquiring 1 JDBC connections;
    0 nanoseconds spent releasing 0 JDBC connections;
    815800 nanoseconds spent preparing 1 JDBC statements;
    810700 nanoseconds spent executing 1 JDBC statements;
    0 nanoseconds spent executing 0 JDBC batches;
    0 nanoseconds spent performing 0 L2C puts;
    0 nanoseconds spent performing 0 L2C hits;
    0 nanoseconds spent performing 0 L2C misses;
    0 nanoseconds spent executing 0 flushes (flushing a total of 0 entities and 0 collections);
    0 nanoseconds spent executing 0 partial-flushes (flushing a total of 0 entities and 0 collections)
}
2020-05-17 19:19:50,149 DEBUG o.s.w.s.DispatcherServlet [http-nio-9002-exec-6] Completed 200 OK
2020-05-17 19:19:50,186 DEBUG o.s.w.s.DispatcherServlet [http-nio-9002-exec-7] POST "/instrument/update_prices_by_tickets", parameters={}
2020-05-17 19:19:50,187 DEBUG o.s.w.s.m.m.a.RequestMappingHandlerMapping [http-nio-9002-exec-7] Mapped to steps.dev.myfinance7.instrument.controller.InstrumentController#updateQuotesByTickets(List)
2020-05-17 19:19:50,194 DEBUG o.s.w.s.m.m.a.RequestResponseBodyMethodProcessor [http-nio-9002-exec-7] Read "application/json;charset=UTF-8" to [[SecurityQuote(ticket=AFKS, price=14.0, datetime=2020-05-15T19:31:05+03:00[Europe/Moscow]), Security (truncated)...]
2020-05-17 19:19:50,202 INFO o.h.e.i.StatisticalLoggingSessionEventListener [http-nio-9002-exec-7] Session Metrics {
    30800 nanoseconds spent acquiring 1 JDBC connections;
    0 nanoseconds spent releasing 0 JDBC connections;
    42700 nanoseconds spent preparing 3 JDBC statements;
    1910100 nanoseconds spent executing 3 JDBC statements;
    0 nanoseconds spent executing 0 JDBC batches;
    0 nanoseconds spent performing 0 L2C puts;
    0 nanoseconds spent performing 0 L2C hits;
    0 nanoseconds spent performing 0 L2C misses;
    0 nanoseconds spent executing 0 flushes (flushing a total of 0 entities and 0 collections);
    12700 nanoseconds spent executing 3 partial-flushes (flushing a total of 0 entities and 0 collections)
}
2020-05-17 19:19:50,202 DEBUG o.s.w.s.DispatcherServlet [http-nio-9002-exec-7] Completed 200 OK
2020-05-17 19:19:50,206 DEBUG o.s.w.s.DispatcherServlet [http-nio-9002-exec-8] GET "/instrument/tickets_by_receiver/MOSCOW_EXCHENGE_BONDS_TQOB", parameters={}
2020-05-17 19:19:50,207 DEBUG o.s.w.s.m.m.a.RequestMappingHandlerMapping [http-nio-9002-exec-8] Mapped to steps.dev.myfinance7.instrument.controller.InstrumentController#getTicketsByExchangeReceiverName(String)
2020-05-17 19:19:50,209 DEBUG o.s.w.s.m.m.a.HttpEntityMethodProcessor [http-nio-9002-exec-8] Using 'application/json', given [application/json] and supported [application/json]
2020-05-17 19:19:50,209 DEBUG o.s.w.s.m.m.a.HttpEntityMethodProcessor [http-nio-9002-exec-8] Writing [[SU26205RMFS3]]
2020-05-17 19:19:50,210 INFO o.h.e.i.StatisticalLoggingSessionEventListener [http-nio-9002-exec-8] Session Metrics {
    40500 nanoseconds spent acquiring 1 JDBC connections;
    0 nanoseconds spent releasing 0 JDBC connections;
    82200 nanoseconds spent preparing 1 JDBC statements;
    468500 nanoseconds spent executing 1 JDBC statements;
    0 nanoseconds spent executing 0 JDBC batches;
    0 nanoseconds spent performing 0 L2C puts;
    0 nanoseconds spent performing 0 L2C hits;
    0 nanoseconds spent performing 0 L2C misses;
    0 nanoseconds spent executing 0 flushes (flushing a total of 0 entities and 0 collections);
    0 nanoseconds spent executing 0 partial-flushes (flushing a total of 0 entities and 0 collections)
}
2020-05-17 19:19:50,210 DEBUG o.s.w.s.DispatcherServlet [http-nio-9002-exec-8] Completed 200 OK
2020-05-17 19:19:50,549 WARN o.s.c.l.c.BlockingLoadBalancerClientAutoConfiguration$BlockingLoadBalancerClientRibbonWarnLogger [main] You already have RibbonLoadBalancerClient on your classpath. It will be used by default. As Spring Cloud Ribbon is in maintenance mode. We recommend switching to BlockingLoadBalancerClient instead. In order to use it, set the value of `spring.cloud.loadbalancer.ribbon.enabled` to `false` or remove spring-cloud-starter-netflix-ribbon from your project.
2020-05-17 19:19:50,624 INFO o.s.b.a.e.w.EndpointLinksResolver [main] Exposing 1 endpoint(s) beneath base path '/actuator'
2020-05-17 19:19:50,659 DEBUG o.s.w.s.DispatcherServlet [http-nio-9002-exec-9] POST "/instrument/update_prices_by_tickets", parameters={}
2020-05-17 19:19:50,659 DEBUG o.s.w.s.m.m.a.RequestMappingHandlerMapping [http-nio-9002-exec-9] Mapped to steps.dev.myfinance7.instrument.controller.InstrumentController#updateQuotesByTickets(List)
2020-05-17 19:19:50,661 DEBUG o.s.w.s.m.m.a.RequestResponseBodyMethodProcessor [http-nio-9002-exec-9] Read "application/json;charset=UTF-8" to [[SecurityQuote(ticket=SU26205RMFS3, price=102.526, datetime=2020-05-15T19:32:13+03:00[Europe/Moscow] (truncated)...]
2020-05-17 19:19:50,668 INFO o.h.e.i.StatisticalLoggingSessionEventListener [http-nio-9002-exec-9] Session Metrics {
    32800 nanoseconds spent acquiring 1 JDBC connections;
    0 nanoseconds spent releasing 0 JDBC connections;
    17900 nanoseconds spent preparing 1 JDBC statements;
    2242000 nanoseconds spent executing 1 JDBC statements;
    0 nanoseconds spent executing 0 JDBC batches;
    0 nanoseconds spent performing 0 L2C puts;
    0 nanoseconds spent performing 0 L2C hits;
    0 nanoseconds spent performing 0 L2C misses;
    0 nanoseconds spent executing 0 flushes (flushing a total of 0 entities and 0 collections);
    6700 nanoseconds spent executing 1 partial-flushes (flushing a total of 0 entities and 0 collections)
}
2020-05-17 19:19:50,668 DEBUG o.s.w.s.DispatcherServlet [http-nio-9002-exec-9] Completed 200 OK
2020-05-17 19:19:50,676 DEBUG o.s.w.s.DispatcherServlet [http-nio-9002-exec-10] GET "/instrument/tickets_by_receiver/MOSCOW_EXCHENGE_CURRENCIES", parameters={}
2020-05-17 19:19:50,677 DEBUG o.s.w.s.m.m.a.RequestMappingHandlerMapping [http-nio-9002-exec-10] Mapped to steps.dev.myfinance7.instrument.controller.InstrumentController#getTicketsByExchangeReceiverName(String)
2020-05-17 19:19:50,679 DEBUG o.s.w.s.m.m.a.HttpEntityMethodProcessor [http-nio-9002-exec-10] Using 'application/json', given [application/json] and supported [application/json]
2020-05-17 19:19:50,681 DEBUG o.s.w.s.m.m.a.HttpEntityMethodProcessor [http-nio-9002-exec-10] Writing [[]]
2020-05-17 19:19:50,683 INFO o.h.e.i.StatisticalLoggingSessionEventListener [http-nio-9002-exec-10] Session Metrics {
    46500 nanoseconds spent acquiring 1 JDBC connections;
    0 nanoseconds spent releasing 0 JDBC connections;
    205100 nanoseconds spent preparing 1 JDBC statements;
    609000 nanoseconds spent executing 1 JDBC statements;
    0 nanoseconds spent executing 0 JDBC batches;
    0 nanoseconds spent performing 0 L2C puts;
    0 nanoseconds spent performing 0 L2C hits;
    0 nanoseconds spent performing 0 L2C misses;
    0 nanoseconds spent executing 0 flushes (flushing a total of 0 entities and 0 collections);
    0 nanoseconds spent executing 0 partial-flushes (flushing a total of 0 entities and 0 collections)
}
2020-05-17 19:19:50,684 DEBUG o.s.w.s.DispatcherServlet [http-nio-9002-exec-10] Completed 200 OK
2020-05-17 19:19:50,690 DEBUG o.s.w.s.DispatcherServlet [http-nio-9002-exec-1] GET "/instrument/tickets_by_receiver/MOSCOW_EXCHENGE_BONDS_TQOD", parameters={}
2020-05-17 19:19:50,691 DEBUG o.s.w.s.m.m.a.RequestMappingHandlerMapping [http-nio-9002-exec-1] Mapped to steps.dev.myfinance7.instrument.controller.InstrumentController#getTicketsByExchangeReceiverName(String)
2020-05-17 19:19:50,693 DEBUG o.s.w.s.m.m.a.HttpEntityMethodProcessor [http-nio-9002-exec-1] Using 'application/json', given [application/json] and supported [application/json]
2020-05-17 19:19:50,693 DEBUG o.s.w.s.m.m.a.HttpEntityMethodProcessor [http-nio-9002-exec-1] Writing [[XS0559915961]]
2020-05-17 19:19:50,694 INFO o.h.e.i.StatisticalLoggingSessionEventListener [http-nio-9002-exec-1] Session Metrics {
    42100 nanoseconds spent acquiring 1 JDBC connections;
    0 nanoseconds spent releasing 0 JDBC connections;
    61700 nanoseconds spent preparing 1 JDBC statements;
    579400 nanoseconds spent executing 1 JDBC statements;
    0 nanoseconds spent executing 0 JDBC batches;
    0 nanoseconds spent performing 0 L2C puts;
    0 nanoseconds spent performing 0 L2C hits;
    0 nanoseconds spent performing 0 L2C misses;
    0 nanoseconds spent executing 0 flushes (flushing a total of 0 entities and 0 collections);
    0 nanoseconds spent executing 0 partial-flushes (flushing a total of 0 entities and 0 collections)
}
2020-05-17 19:19:50,694 DEBUG o.s.w.s.DispatcherServlet [http-nio-9002-exec-1] Completed 200 OK
2020-05-17 19:19:50,742 DEBUG o.s.w.s.DispatcherServlet [http-nio-9002-exec-2] POST "/instrument/update_prices_by_tickets", parameters={}
2020-05-17 19:19:50,742 DEBUG o.s.w.s.m.m.a.RequestMappingHandlerMapping [http-nio-9002-exec-2] Mapped to steps.dev.myfinance7.instrument.controller.InstrumentController#updateQuotesByTickets(List)
2020-05-17 19:19:50,746 DEBUG o.s.w.s.m.m.a.RequestResponseBodyMethodProcessor [http-nio-9002-exec-2] Read "application/json;charset=UTF-8" to [[SecurityQuote(ticket=XS0559915961, price=116.9009, datetime=2020-05-15T19:32:24+03:00[Europe/Moscow (truncated)...]
2020-05-17 19:19:50,750 INFO o.h.e.i.StatisticalLoggingSessionEventListener [http-nio-9002-exec-2] Session Metrics {
    34800 nanoseconds spent acquiring 1 JDBC connections;
    0 nanoseconds spent releasing 0 JDBC connections;
    14600 nanoseconds spent preparing 1 JDBC statements;
    799000 nanoseconds spent executing 1 JDBC statements;
    0 nanoseconds spent executing 0 JDBC batches;
    0 nanoseconds spent performing 0 L2C puts;
    0 nanoseconds spent performing 0 L2C hits;
    0 nanoseconds spent performing 0 L2C misses;
    0 nanoseconds spent executing 0 flushes (flushing a total of 0 entities and 0 collections);
    5600 nanoseconds spent executing 1 partial-flushes (flushing a total of 0 entities and 0 collections)
}
2020-05-17 19:19:50,751 DEBUG o.s.w.s.DispatcherServlet [http-nio-9002-exec-2] Completed 200 OK
2020-05-17 19:19:50,809 INFO o.s.c.n.e.InstanceInfoFactory [main] Setting initial instance status as: STARTING
2020-05-17 19:19:50,897 INFO c.n.d.DiscoveryClient [main] Initializing Eureka in region us-east-1
2020-05-17 19:19:51,589 INFO c.n.d.p.DiscoveryJerseyProvider [main] Using JSON encoding codec LegacyJacksonJson
2020-05-17 19:19:51,590 INFO c.n.d.p.DiscoveryJerseyProvider [main] Using JSON decoding codec LegacyJacksonJson
2020-05-17 19:19:51,809 INFO c.n.d.p.DiscoveryJerseyProvider [main] Using XML encoding codec XStreamXml
2020-05-17 19:19:51,809 INFO c.n.d.p.DiscoveryJerseyProvider [main] Using XML decoding codec XStreamXml
2020-05-17 19:19:52,158 INFO c.n.d.s.r.a.ConfigClusterResolver [main] Resolving eureka endpoints via configuration
2020-05-17 19:19:52,618 INFO c.n.d.DiscoveryClient [main] Disable delta property : false
2020-05-17 19:19:52,618 INFO c.n.d.DiscoveryClient [main] Single vip registry refresh property : null
2020-05-17 19:19:52,618 INFO c.n.d.DiscoveryClient [main] Force full registry fetch : false
2020-05-17 19:19:52,619 INFO c.n.d.DiscoveryClient [main] Application is null : false
2020-05-17 19:19:52,619 INFO c.n.d.DiscoveryClient [main] Registered Applications size is zero : true
2020-05-17 19:19:52,620 INFO c.n.d.DiscoveryClient [main] Application version is -1: true
2020-05-17 19:19:52,622 INFO c.n.d.DiscoveryClient [main] Getting all instance registry info from the eureka server
2020-05-17 19:19:52,932 INFO c.n.d.DiscoveryClient [main] The response status is 200
2020-05-17 19:19:52,935 INFO c.n.d.DiscoveryClient [main] Starting heartbeat executor: renew interval is: 30
2020-05-17 19:19:52,938 INFO c.n.d.InstanceInfoReplicator [main] InstanceInfoReplicator onDemand update allowed rate per min is 4
2020-05-17 19:19:52,942 INFO c.n.d.DiscoveryClient [main] Discovery Client initialized at timestamp 1589732392941 with initial instances count: 8
2020-05-17 19:19:52,947 INFO o.s.c.n.e.s.EurekaServiceRegistry [main] Registering application INSTRUMENT with eureka with status UP
2020-05-17 19:19:52,949 INFO c.n.d.DiscoveryClient [main] Saw local status change event StatusChangeEvent [timestamp=1589732392949, current=UP, previous=STARTING]
2020-05-17 19:19:52,971 INFO c.n.d.DiscoveryClient [DiscoveryClient-InstanceInfoReplicator-0] DiscoveryClient_INSTRUMENT/Desk:instrument:7001: registering service...
2020-05-17 19:19:52,996 INFO o.a.c.h.Http11NioProtocol [main] Starting ProtocolHandler ["http-nio-7001"]
2020-05-17 19:19:53,043 INFO c.n.d.DiscoveryClient [DiscoveryClient-InstanceInfoReplicator-0] DiscoveryClient_INSTRUMENT/Desk:instrument:7001 - registration status: 204
2020-05-17 19:19:53,059 INFO o.s.b.w.e.t.TomcatWebServer [main] Tomcat started on port(s): 7001 (http) with context path ''
2020-05-17 19:19:53,060 INFO o.s.c.n.e.s.EurekaAutoServiceRegistration [main] Updating port to 7001
2020-05-17 19:19:53,571 INFO s.d.m.i.InstrumentApplication [main] Started InstrumentApplication in 16.359 seconds (JVM running for 18.269)
2020-05-17 19:20:00,141 DEBUG o.s.w.s.DispatcherServlet [http-nio-9002-exec-3] GET "/instrument/tickets_by_receiver/MOSCOW_EXCHENGE_STOCKS", parameters={}
2020-05-17 19:20:00,141 DEBUG o.s.w.s.m.m.a.RequestMappingHandlerMapping [http-nio-9002-exec-3] Mapped to steps.dev.myfinance7.instrument.controller.InstrumentController#getTicketsByExchangeReceiverName(String)
2020-05-17 19:20:00,145 DEBUG o.s.w.s.m.m.a.HttpEntityMethodProcessor [http-nio-9002-exec-3] Using 'application/json', given [application/json] and supported [application/json]
2020-05-17 19:20:00,145 DEBUG o.s.w.s.m.m.a.HttpEntityMethodProcessor [http-nio-9002-exec-3] Writing [[AFKS, MOEX, SBER, ]]
2020-05-17 19:20:00,146 INFO o.h.e.i.StatisticalLoggingSessionEventListener [http-nio-9002-exec-3] Session Metrics {
    758100 nanoseconds spent acquiring 1 JDBC connections;
    0 nanoseconds spent releasing 0 JDBC connections;
    780700 nanoseconds spent preparing 1 JDBC statements;
    428200 nanoseconds spent executing 1 JDBC statements;
    0 nanoseconds spent executing 0 JDBC batches;
    0 nanoseconds spent performing 0 L2C puts;
    0 nanoseconds spent performing 0 L2C hits;
    0 nanoseconds spent performing 0 L2C misses;
    0 nanoseconds spent executing 0 flushes (flushing a total of 0 entities and 0 collections);
    0 nanoseconds spent executing 0 partial-flushes (flushing a total of 0 entities and 0 collections)
}
2020-05-17 19:20:00,146 DEBUG o.s.w.s.DispatcherServlet [http-nio-9002-exec-3] Completed 200 OK
2020-05-17 19:20:00,184 DEBUG o.s.w.s.DispatcherServlet [http-nio-9002-exec-4] POST "/instrument/update_prices_by_tickets", parameters={}
2020-05-17 19:20:00,185 DEBUG o.s.w.s.m.m.a.RequestMappingHandlerMapping [http-nio-9002-exec-4] Mapped to steps.dev.myfinance7.instrument.controller.InstrumentController#updateQuotesByTickets(List)
2020-05-17 19:20:00,193 DEBUG o.s.w.s.m.m.a.RequestResponseBodyMethodProcessor [http-nio-9002-exec-4] Read "application/json;charset=UTF-8" to [[SecurityQuote(ticket=AFKS, price=14.0, datetime=2020-05-15T19:31:05+03:00[Europe/Moscow]), Security (truncated)...]
2020-05-17 19:20:00,201 INFO o.h.e.i.StatisticalLoggingSessionEventListener [http-nio-9002-exec-4] Session Metrics {
    31200 nanoseconds spent acquiring 1 JDBC connections;
    0 nanoseconds spent releasing 0 JDBC connections;
    45800 nanoseconds spent preparing 3 JDBC statements;
    2137700 nanoseconds spent executing 3 JDBC statements;
    0 nanoseconds spent executing 0 JDBC batches;
    0 nanoseconds spent performing 0 L2C puts;
    0 nanoseconds spent performing 0 L2C hits;
    0 nanoseconds spent performing 0 L2C misses;
    0 nanoseconds spent executing 0 flushes (flushing a total of 0 entities and 0 collections);
    12900 nanoseconds spent executing 3 partial-flushes (flushing a total of 0 entities and 0 collections)
}
2020-05-17 19:20:00,202 DEBUG o.s.w.s.DispatcherServlet [http-nio-9002-exec-4] Completed 200 OK
2020-05-17 19:20:00,206 DEBUG o.s.w.s.DispatcherServlet [http-nio-9002-exec-5] GET "/instrument/tickets_by_receiver/MOSCOW_EXCHENGE_BONDS_TQOB", parameters={}
2020-05-17 19:20:00,206 DEBUG o.s.w.s.m.m.a.RequestMappingHandlerMapping [http-nio-9002-exec-5] Mapped to steps.dev.myfinance7.instrument.controller.InstrumentController#getTicketsByExchangeReceiverName(String)
2020-05-17 19:20:00,208 DEBUG o.s.w.s.m.m.a.HttpEntityMethodProcessor [http-nio-9002-exec-5] Using 'application/json', given [application/json] and supported [application/json]
2020-05-17 19:20:00,208 DEBUG o.s.w.s.m.m.a.HttpEntityMethodProcessor [http-nio-9002-exec-5] Writing [[SU26205RMFS3]]
2020-05-17 19:20:00,209 INFO o.h.e.i.StatisticalLoggingSessionEventListener [http-nio-9002-exec-5] Session Metrics {
    38200 nanoseconds spent acquiring 1 JDBC connections;
    0 nanoseconds spent releasing 0 JDBC connections;
    56900 nanoseconds spent preparing 1 JDBC statements;
    516200 nanoseconds spent executing 1 JDBC statements;
    0 nanoseconds spent executing 0 JDBC batches;
    0 nanoseconds spent performing 0 L2C puts;
    0 nanoseconds spent performing 0 L2C hits;
    0 nanoseconds spent performing 0 L2C misses;
    0 nanoseconds spent executing 0 flushes (flushing a total of 0 entities and 0 collections);
    0 nanoseconds spent executing 0 partial-flushes (flushing a total of 0 entities and 0 collections)
}
2020-05-17 19:20:00,209 DEBUG o.s.w.s.DispatcherServlet [http-nio-9002-exec-5] Completed 200 OK
2020-05-17 19:20:00,243 DEBUG o.s.w.s.DispatcherServlet [http-nio-9002-exec-6] POST "/instrument/update_prices_by_tickets", parameters={}
2020-05-17 19:20:00,244 DEBUG o.s.w.s.m.m.a.RequestMappingHandlerMapping [http-nio-9002-exec-6] Mapped to steps.dev.myfinance7.instrument.controller.InstrumentController#updateQuotesByTickets(List)
2020-05-17 19:20:00,247 DEBUG o.s.w.s.m.m.a.RequestResponseBodyMethodProcessor [http-nio-9002-exec-6] Read "application/json;charset=UTF-8" to [[SecurityQuote(ticket=SU26205RMFS3, price=102.526, datetime=2020-05-15T19:32:13+03:00[Europe/Moscow] (truncated)...]
2020-05-17 19:20:00,250 INFO o.h.e.i.StatisticalLoggingSessionEventListener [http-nio-9002-exec-6] Session Metrics {
    44100 nanoseconds spent acquiring 1 JDBC connections;
    0 nanoseconds spent releasing 0 JDBC connections;
    27500 nanoseconds spent preparing 1 JDBC statements;
    670300 nanoseconds spent executing 1 JDBC statements;
    0 nanoseconds spent executing 0 JDBC batches;
    0 nanoseconds spent performing 0 L2C puts;
    0 nanoseconds spent performing 0 L2C hits;
    0 nanoseconds spent performing 0 L2C misses;
    0 nanoseconds spent executing 0 flushes (flushing a total of 0 entities and 0 collections);
    10200 nanoseconds spent executing 1 partial-flushes (flushing a total of 0 entities and 0 collections)
}
2020-05-17 19:20:00,250 DEBUG o.s.w.s.DispatcherServlet [http-nio-9002-exec-6] Completed 200 OK
2020-05-17 19:20:00,255 DEBUG o.s.w.s.DispatcherServlet [http-nio-9002-exec-7] GET "/instrument/tickets_by_receiver/MOSCOW_EXCHENGE_CURRENCIES", parameters={}
2020-05-17 19:20:00,256 DEBUG o.s.w.s.m.m.a.RequestMappingHandlerMapping [http-nio-9002-exec-7] Mapped to steps.dev.myfinance7.instrument.controller.InstrumentController#getTicketsByExchangeReceiverName(String)
2020-05-17 19:20:00,258 DEBUG o.s.w.s.m.m.a.HttpEntityMethodProcessor [http-nio-9002-exec-7] Using 'application/json', given [application/json] and supported [application/json]
2020-05-17 19:20:00,258 DEBUG o.s.w.s.m.m.a.HttpEntityMethodProcessor [http-nio-9002-exec-7] Writing [[]]
2020-05-17 19:20:00,258 INFO o.h.e.i.StatisticalLoggingSessionEventListener [http-nio-9002-exec-7] Session Metrics {
    55200 nanoseconds spent acquiring 1 JDBC connections;
    0 nanoseconds spent releasing 0 JDBC connections;
    80500 nanoseconds spent preparing 1 JDBC statements;
    526700 nanoseconds spent executing 1 JDBC statements;
    0 nanoseconds spent executing 0 JDBC batches;
    0 nanoseconds spent performing 0 L2C puts;
    0 nanoseconds spent performing 0 L2C hits;
    0 nanoseconds spent performing 0 L2C misses;
    0 nanoseconds spent executing 0 flushes (flushing a total of 0 entities and 0 collections);
    0 nanoseconds spent executing 0 partial-flushes (flushing a total of 0 entities and 0 collections)
}
2020-05-17 19:20:00,259 DEBUG o.s.w.s.DispatcherServlet [http-nio-9002-exec-7] Completed 200 OK
2020-05-17 19:20:00,264 DEBUG o.s.w.s.DispatcherServlet [http-nio-9002-exec-8] GET "/instrument/tickets_by_receiver/MOSCOW_EXCHENGE_BONDS_TQOD", parameters={}
2020-05-17 19:20:00,265 DEBUG o.s.w.s.m.m.a.RequestMappingHandlerMapping [http-nio-9002-exec-8] Mapped to steps.dev.myfinance7.instrument.controller.InstrumentController#getTicketsByExchangeReceiverName(String)
2020-05-17 19:20:00,267 DEBUG o.s.w.s.m.m.a.HttpEntityMethodProcessor [http-nio-9002-exec-8] Using 'application/json', given [application/json] and supported [application/json]
2020-05-17 19:20:00,267 DEBUG o.s.w.s.m.m.a.HttpEntityMethodProcessor [http-nio-9002-exec-8] Writing [[XS0559915961]]
2020-05-17 19:20:00,267 INFO o.h.e.i.StatisticalLoggingSessionEventListener [http-nio-9002-exec-8] Session Metrics {
    38600 nanoseconds spent acquiring 1 JDBC connections;
    0 nanoseconds spent releasing 0 JDBC connections;
    57200 nanoseconds spent preparing 1 JDBC statements;
    472000 nanoseconds spent executing 1 JDBC statements;
    0 nanoseconds spent executing 0 JDBC batches;
    0 nanoseconds spent performing 0 L2C puts;
    0 nanoseconds spent performing 0 L2C hits;
    0 nanoseconds spent performing 0 L2C misses;
    0 nanoseconds spent executing 0 flushes (flushing a total of 0 entities and 0 collections);
    0 nanoseconds spent executing 0 partial-flushes (flushing a total of 0 entities and 0 collections)
}
2020-05-17 19:20:00,267 DEBUG o.s.w.s.DispatcherServlet [http-nio-9002-exec-8] Completed 200 OK
2020-05-17 19:20:00,301 DEBUG o.s.w.s.DispatcherServlet [http-nio-9002-exec-9] POST "/instrument/update_prices_by_tickets", parameters={}
2020-05-17 19:20:00,301 DEBUG o.s.w.s.m.m.a.RequestMappingHandlerMapping [http-nio-9002-exec-9] Mapped to steps.dev.myfinance7.instrument.controller.InstrumentController#updateQuotesByTickets(List)
2020-05-17 19:20:00,305 DEBUG o.s.w.s.m.m.a.RequestResponseBodyMethodProcessor [http-nio-9002-exec-9] Read "application/json;charset=UTF-8" to [[SecurityQuote(ticket=XS0559915961, price=116.9009, datetime=2020-05-15T19:32:24+03:00[Europe/Moscow (truncated)...]
2020-05-17 19:20:00,307 INFO o.h.e.i.StatisticalLoggingSessionEventListener [http-nio-9002-exec-9] Session Metrics {
    30200 nanoseconds spent acquiring 1 JDBC connections;
    0 nanoseconds spent releasing 0 JDBC connections;
    13500 nanoseconds spent preparing 1 JDBC statements;
    573800 nanoseconds spent executing 1 JDBC statements;
    0 nanoseconds spent executing 0 JDBC batches;
    0 nanoseconds spent performing 0 L2C puts;
    0 nanoseconds spent performing 0 L2C hits;
    0 nanoseconds spent performing 0 L2C misses;
    0 nanoseconds spent executing 0 flushes (flushing a total of 0 entities and 0 collections);
    4600 nanoseconds spent executing 1 partial-flushes (flushing a total of 0 entities and 0 collections)
}
2020-05-17 19:20:00,308 DEBUG o.s.w.s.DispatcherServlet [http-nio-9002-exec-9] Completed 200 OK
2020-05-17 19:20:10,141 DEBUG o.s.w.s.DispatcherServlet [http-nio-9002-exec-10] GET "/instrument/tickets_by_receiver/MOSCOW_EXCHENGE_STOCKS", parameters={}
2020-05-17 19:20:10,141 DEBUG o.s.w.s.m.m.a.RequestMappingHandlerMapping [http-nio-9002-exec-10] Mapped to steps.dev.myfinance7.instrument.controller.InstrumentController#getTicketsByExchangeReceiverName(String)
2020-05-17 19:20:10,145 DEBUG o.s.w.s.m.m.a.HttpEntityMethodProcessor [http-nio-9002-exec-10] Using 'application/json', given [application/json] and supported [application/json]
2020-05-17 19:20:10,146 DEBUG o.s.w.s.m.m.a.HttpEntityMethodProcessor [http-nio-9002-exec-10] Writing [[AFKS, MOEX, SBER, ]]
2020-05-17 19:20:10,146 INFO o.h.e.i.StatisticalLoggingSessionEventListener [http-nio-9002-exec-10] Session Metrics {
    776700 nanoseconds spent acquiring 1 JDBC connections;
    0 nanoseconds spent releasing 0 JDBC connections;
    799400 nanoseconds spent preparing 1 JDBC statements;
    401800 nanoseconds spent executing 1 JDBC statements;
    0 nanoseconds spent executing 0 JDBC batches;
    0 nanoseconds spent performing 0 L2C puts;
    0 nanoseconds spent performing 0 L2C hits;
    0 nanoseconds spent performing 0 L2C misses;
    0 nanoseconds spent executing 0 flushes (flushing a total of 0 entities and 0 collections);
    0 nanoseconds spent executing 0 partial-flushes (flushing a total of 0 entities and 0 collections)
}
2020-05-17 19:20:10,147 DEBUG o.s.w.s.DispatcherServlet [http-nio-9002-exec-10] Completed 200 OK
2020-05-17 19:20:10,201 DEBUG o.s.w.s.DispatcherServlet [http-nio-9002-exec-1] POST "/instrument/update_prices_by_tickets", parameters={}
2020-05-17 19:20:10,202 DEBUG o.s.w.s.m.m.a.RequestMappingHandlerMapping [http-nio-9002-exec-1] Mapped to steps.dev.myfinance7.instrument.controller.InstrumentController#updateQuotesByTickets(List)
2020-05-17 19:20:10,211 DEBUG o.s.w.s.m.m.a.RequestResponseBodyMethodProcessor [http-nio-9002-exec-1] Read "application/json;charset=UTF-8" to [[SecurityQuote(ticket=AFKS, price=14.0, datetime=2020-05-15T19:31:05+03:00[Europe/Moscow]), Security (truncated)...]
2020-05-17 19:20:10,219 INFO o.h.e.i.StatisticalLoggingSessionEventListener [http-nio-9002-exec-1] Session Metrics {
    32700 nanoseconds spent acquiring 1 JDBC connections;
    0 nanoseconds spent releasing 0 JDBC connections;
    46100 nanoseconds spent preparing 3 JDBC statements;
    2003300 nanoseconds spent executing 3 JDBC statements;
    0 nanoseconds spent executing 0 JDBC batches;
    0 nanoseconds spent performing 0 L2C puts;
    0 nanoseconds spent performing 0 L2C hits;
    0 nanoseconds spent performing 0 L2C misses;
    0 nanoseconds spent executing 0 flushes (flushing a total of 0 entities and 0 collections);
    12300 nanoseconds spent executing 3 partial-flushes (flushing a total of 0 entities and 0 collections)
}
2020-05-17 19:20:10,220 DEBUG o.s.w.s.DispatcherServlet [http-nio-9002-exec-1] Completed 200 OK
2020-05-17 19:20:10,225 DEBUG o.s.w.s.DispatcherServlet [http-nio-9002-exec-2] GET "/instrument/tickets_by_receiver/MOSCOW_EXCHENGE_BONDS_TQOB", parameters={}
2020-05-17 19:20:10,225 DEBUG o.s.w.s.m.m.a.RequestMappingHandlerMapping [http-nio-9002-exec-2] Mapped to steps.dev.myfinance7.instrument.controller.InstrumentController#getTicketsByExchangeReceiverName(String)
2020-05-17 19:20:10,227 DEBUG o.s.w.s.m.m.a.HttpEntityMethodProcessor [http-nio-9002-exec-2] Using 'application/json', given [application/json] and supported [application/json]
2020-05-17 19:20:10,227 DEBUG o.s.w.s.m.m.a.HttpEntityMethodProcessor [http-nio-9002-exec-2] Writing [[SU26205RMFS3]]
2020-05-17 19:20:10,228 INFO o.h.e.i.StatisticalLoggingSessionEventListener [http-nio-9002-exec-2] Session Metrics {
    42800 nanoseconds spent acquiring 1 JDBC connections;
    0 nanoseconds spent releasing 0 JDBC connections;
    62200 nanoseconds spent preparing 1 JDBC statements;
    507600 nanoseconds spent executing 1 JDBC statements;
    0 nanoseconds spent executing 0 JDBC batches;
    0 nanoseconds spent performing 0 L2C puts;
    0 nanoseconds spent performing 0 L2C hits;
    0 nanoseconds spent performing 0 L2C misses;
    0 nanoseconds spent executing 0 flushes (flushing a total of 0 entities and 0 collections);
    0 nanoseconds spent executing 0 partial-flushes (flushing a total of 0 entities and 0 collections)
}
2020-05-17 19:20:10,228 DEBUG o.s.w.s.DispatcherServlet [http-nio-9002-exec-2] Completed 200 OK
2020-05-17 19:20:10,263 DEBUG o.s.w.s.DispatcherServlet [http-nio-9002-exec-3] POST "/instrument/update_prices_by_tickets", parameters={}
2020-05-17 19:20:10,264 DEBUG o.s.w.s.m.m.a.RequestMappingHandlerMapping [http-nio-9002-exec-3] Mapped to steps.dev.myfinance7.instrument.controller.InstrumentController#updateQuotesByTickets(List)
2020-05-17 19:20:10,268 DEBUG o.s.w.s.m.m.a.RequestResponseBodyMethodProcessor [http-nio-9002-exec-3] Read "application/json;charset=UTF-8" to [[SecurityQuote(ticket=SU26205RMFS3, price=102.526, datetime=2020-05-15T19:32:13+03:00[Europe/Moscow] (truncated)...]
2020-05-17 19:20:10,271 INFO o.h.e.i.StatisticalLoggingSessionEventListener [http-nio-9002-exec-3] Session Metrics {
    30600 nanoseconds spent acquiring 1 JDBC connections;
    0 nanoseconds spent releasing 0 JDBC connections;
    16900 nanoseconds spent preparing 1 JDBC statements;
    582300 nanoseconds spent executing 1 JDBC statements;
    0 nanoseconds spent executing 0 JDBC batches;
    0 nanoseconds spent performing 0 L2C puts;
    0 nanoseconds spent performing 0 L2C hits;
    0 nanoseconds spent performing 0 L2C misses;
    0 nanoseconds spent executing 0 flushes (flushing a total of 0 entities and 0 collections);
    4800 nanoseconds spent executing 1 partial-flushes (flushing a total of 0 entities and 0 collections)
}
2020-05-17 19:20:10,271 DEBUG o.s.w.s.DispatcherServlet [http-nio-9002-exec-3] Completed 200 OK
2020-05-17 19:20:10,277 DEBUG o.s.w.s.DispatcherServlet [http-nio-9002-exec-4] GET "/instrument/tickets_by_receiver/MOSCOW_EXCHENGE_CURRENCIES", parameters={}
2020-05-17 19:20:10,278 DEBUG o.s.w.s.m.m.a.RequestMappingHandlerMapping [http-nio-9002-exec-4] Mapped to steps.dev.myfinance7.instrument.controller.InstrumentController#getTicketsByExchangeReceiverName(String)
2020-05-17 19:20:10,279 DEBUG o.s.w.s.m.m.a.HttpEntityMethodProcessor [http-nio-9002-exec-4] Using 'application/json', given [application/json] and supported [application/json]
2020-05-17 19:20:10,279 DEBUG o.s.w.s.m.m.a.HttpEntityMethodProcessor [http-nio-9002-exec-4] Writing [[]]
2020-05-17 19:20:10,280 INFO o.h.e.i.StatisticalLoggingSessionEventListener [http-nio-9002-exec-4] Session Metrics {
    43900 nanoseconds spent acquiring 1 JDBC connections;
    0 nanoseconds spent releasing 0 JDBC connections;
    64200 nanoseconds spent preparing 1 JDBC statements;
    480000 nanoseconds spent executing 1 JDBC statements;
    0 nanoseconds spent executing 0 JDBC batches;
    0 nanoseconds spent performing 0 L2C puts;
    0 nanoseconds spent performing 0 L2C hits;
    0 nanoseconds spent performing 0 L2C misses;
    0 nanoseconds spent executing 0 flushes (flushing a total of 0 entities and 0 collections);
    0 nanoseconds spent executing 0 partial-flushes (flushing a total of 0 entities and 0 collections)
}
2020-05-17 19:20:10,280 DEBUG o.s.w.s.DispatcherServlet [http-nio-9002-exec-4] Completed 200 OK
2020-05-17 19:20:10,286 DEBUG o.s.w.s.DispatcherServlet [http-nio-9002-exec-5] GET "/instrument/tickets_by_receiver/MOSCOW_EXCHENGE_BONDS_TQOD", parameters={}
2020-05-17 19:20:10,286 DEBUG o.s.w.s.m.m.a.RequestMappingHandlerMapping [http-nio-9002-exec-5] Mapped to steps.dev.myfinance7.instrument.controller.InstrumentController#getTicketsByExchangeReceiverName(String)
2020-05-17 19:20:10,289 DEBUG o.s.w.s.m.m.a.HttpEntityMethodProcessor [http-nio-9002-exec-5] Using 'application/json', given [application/json] and supported [application/json]
2020-05-17 19:20:10,289 DEBUG o.s.w.s.m.m.a.HttpEntityMethodProcessor [http-nio-9002-exec-5] Writing [[XS0559915961]]
2020-05-17 19:20:10,289 INFO o.h.e.i.StatisticalLoggingSessionEventListener [http-nio-9002-exec-5] Session Metrics {
    55200 nanoseconds spent acquiring 1 JDBC connections;
    0 nanoseconds spent releasing 0 JDBC connections;
    78400 nanoseconds spent preparing 1 JDBC statements;
    626900 nanoseconds spent executing 1 JDBC statements;
    0 nanoseconds spent executing 0 JDBC batches;
    0 nanoseconds spent performing 0 L2C puts;
    0 nanoseconds spent performing 0 L2C hits;
    0 nanoseconds spent performing 0 L2C misses;
    0 nanoseconds spent executing 0 flushes (flushing a total of 0 entities and 0 collections);
    0 nanoseconds spent executing 0 partial-flushes (flushing a total of 0 entities and 0 collections)
}
2020-05-17 19:20:10,290 DEBUG o.s.w.s.DispatcherServlet [http-nio-9002-exec-5] Completed 200 OK
2020-05-17 19:20:10,325 DEBUG o.s.w.s.DispatcherServlet [http-nio-9002-exec-6] POST "/instrument/update_prices_by_tickets", parameters={}
2020-05-17 19:20:10,325 DEBUG o.s.w.s.m.m.a.RequestMappingHandlerMapping [http-nio-9002-exec-6] Mapped to steps.dev.myfinance7.instrument.controller.InstrumentController#updateQuotesByTickets(List)
2020-05-17 19:20:10,328 DEBUG o.s.w.s.m.m.a.RequestResponseBodyMethodProcessor [http-nio-9002-exec-6] Read "application/json;charset=UTF-8" to [[SecurityQuote(ticket=XS0559915961, price=116.9009, datetime=2020-05-15T19:32:24+03:00[Europe/Moscow (truncated)...]
2020-05-17 19:20:10,331 INFO o.h.e.i.StatisticalLoggingSessionEventListener [http-nio-9002-exec-6] Session Metrics {
    29700 nanoseconds spent acquiring 1 JDBC connections;
    0 nanoseconds spent releasing 0 JDBC connections;
    16200 nanoseconds spent preparing 1 JDBC statements;
    612800 nanoseconds spent executing 1 JDBC statements;
    0 nanoseconds spent executing 0 JDBC batches;
    0 nanoseconds spent performing 0 L2C puts;
    0 nanoseconds spent performing 0 L2C hits;
    0 nanoseconds spent performing 0 L2C misses;
    0 nanoseconds spent executing 0 flushes (flushing a total of 0 entities and 0 collections);
    5500 nanoseconds spent executing 1 partial-flushes (flushing a total of 0 entities and 0 collections)
}
2020-05-17 19:20:10,331 DEBUG o.s.w.s.DispatcherServlet [http-nio-9002-exec-6] Completed 200 OK
2020-05-17 19:20:20,142 DEBUG o.s.w.s.DispatcherServlet [http-nio-9002-exec-7] GET "/instrument/tickets_by_receiver/MOSCOW_EXCHENGE_STOCKS", parameters={}
2020-05-17 19:20:20,143 DEBUG o.s.w.s.m.m.a.RequestMappingHandlerMapping [http-nio-9002-exec-7] Mapped to steps.dev.myfinance7.instrument.controller.InstrumentController#getTicketsByExchangeReceiverName(String)
2020-05-17 19:20:20,146 DEBUG o.s.w.s.m.m.a.HttpEntityMethodProcessor [http-nio-9002-exec-7] Using 'application/json', given [application/json] and supported [application/json]
2020-05-17 19:20:20,146 DEBUG o.s.w.s.m.m.a.HttpEntityMethodProcessor [http-nio-9002-exec-7] Writing [[AFKS, MOEX, SBER, ]]
2020-05-17 19:20:20,147 INFO o.h.e.i.StatisticalLoggingSessionEventListener [http-nio-9002-exec-7] Session Metrics {
    738800 nanoseconds spent acquiring 1 JDBC connections;
    0 nanoseconds spent releasing 0 JDBC connections;
    759200 nanoseconds spent preparing 1 JDBC statements;
    557200 nanoseconds spent executing 1 JDBC statements;
    0 nanoseconds spent executing 0 JDBC batches;
    0 nanoseconds spent performing 0 L2C puts;
    0 nanoseconds spent performing 0 L2C hits;
    0 nanoseconds spent performing 0 L2C misses;
    0 nanoseconds spent executing 0 flushes (flushing a total of 0 entities and 0 collections);
    0 nanoseconds spent executing 0 partial-flushes (flushing a total of 0 entities and 0 collections)
}
2020-05-17 19:20:20,147 DEBUG o.s.w.s.DispatcherServlet [http-nio-9002-exec-7] Completed 200 OK
2020-05-17 19:20:20,181 DEBUG o.s.w.s.DispatcherServlet [http-nio-9002-exec-8] POST "/instrument/update_prices_by_tickets", parameters={}
2020-05-17 19:20:20,182 DEBUG o.s.w.s.m.m.a.RequestMappingHandlerMapping [http-nio-9002-exec-8] Mapped to steps.dev.myfinance7.instrument.controller.InstrumentController#updateQuotesByTickets(List)
2020-05-17 19:20:20,189 DEBUG o.s.w.s.m.m.a.RequestResponseBodyMethodProcessor [http-nio-9002-exec-8] Read "application/json;charset=UTF-8" to [[SecurityQuote(ticket=AFKS, price=14.0, datetime=2020-05-15T19:31:05+03:00[Europe/Moscow]), Security (truncated)...]
2020-05-17 19:20:20,196 INFO o.h.e.i.StatisticalLoggingSessionEventListener [http-nio-9002-exec-8] Session Metrics {
    29100 nanoseconds spent acquiring 1 JDBC connections;
    0 nanoseconds spent releasing 0 JDBC connections;
    48500 nanoseconds spent preparing 3 JDBC statements;
    1784500 nanoseconds spent executing 3 JDBC statements;
    0 nanoseconds spent executing 0 JDBC batches;
    0 nanoseconds spent performing 0 L2C puts;
    0 nanoseconds spent performing 0 L2C hits;
    0 nanoseconds spent performing 0 L2C misses;
    0 nanoseconds spent executing 0 flushes (flushing a total of 0 entities and 0 collections);
    12100 nanoseconds spent executing 3 partial-flushes (flushing a total of 0 entities and 0 collections)
}
2020-05-17 19:20:20,197 DEBUG o.s.w.s.DispatcherServlet [http-nio-9002-exec-8] Completed 200 OK
2020-05-17 19:20:20,204 DEBUG o.s.w.s.DispatcherServlet [http-nio-9002-exec-9] GET "/instrument/tickets_by_receiver/MOSCOW_EXCHENGE_BONDS_TQOB", parameters={}
2020-05-17 19:20:20,204 DEBUG o.s.w.s.m.m.a.RequestMappingHandlerMapping [http-nio-9002-exec-9] Mapped to steps.dev.myfinance7.instrument.controller.InstrumentController#getTicketsByExchangeReceiverName(String)
2020-05-17 19:20:20,207 DEBUG o.s.w.s.m.m.a.HttpEntityMethodProcessor [http-nio-9002-exec-9] Using 'application/json', given [application/json] and supported [application/json]
2020-05-17 19:20:20,207 DEBUG o.s.w.s.m.m.a.HttpEntityMethodProcessor [http-nio-9002-exec-9] Writing [[SU26205RMFS3]]
2020-05-17 19:20:20,207 INFO o.h.e.i.StatisticalLoggingSessionEventListener [http-nio-9002-exec-9] Session Metrics {
    38400 nanoseconds spent acquiring 1 JDBC connections;
    0 nanoseconds spent releasing 0 JDBC connections;
    56500 nanoseconds spent preparing 1 JDBC statements;
    537800 nanoseconds spent executing 1 JDBC statements;
    0 nanoseconds spent executing 0 JDBC batches;
    0 nanoseconds spent performing 0 L2C puts;
    0 nanoseconds spent performing 0 L2C hits;
    0 nanoseconds spent performing 0 L2C misses;
    0 nanoseconds spent executing 0 flushes (flushing a total of 0 entities and 0 collections);
    0 nanoseconds spent executing 0 partial-flushes (flushing a total of 0 entities and 0 collections)
}
2020-05-17 19:20:20,207 DEBUG o.s.w.s.DispatcherServlet [http-nio-9002-exec-9] Completed 200 OK
2020-05-17 19:20:20,682 DEBUG o.s.w.s.DispatcherServlet [http-nio-9002-exec-10] POST "/instrument/update_prices_by_tickets", parameters={}
2020-05-17 19:20:20,682 DEBUG o.s.w.s.m.m.a.RequestMappingHandlerMapping [http-nio-9002-exec-10] Mapped to steps.dev.myfinance7.instrument.controller.InstrumentController#updateQuotesByTickets(List)
2020-05-17 19:20:20,685 DEBUG o.s.w.s.m.m.a.RequestResponseBodyMethodProcessor [http-nio-9002-exec-10] Read "application/json;charset=UTF-8" to [[SecurityQuote(ticket=SU26205RMFS3, price=102.526, datetime=2020-05-15T19:32:13+03:00[Europe/Moscow] (truncated)...]
2020-05-17 19:20:20,688 INFO o.h.e.i.StatisticalLoggingSessionEventListener [http-nio-9002-exec-10] Session Metrics {
    28400 nanoseconds spent acquiring 1 JDBC connections;
    0 nanoseconds spent releasing 0 JDBC connections;
    57500 nanoseconds spent preparing 1 JDBC statements;
    635400 nanoseconds spent executing 1 JDBC statements;
    0 nanoseconds spent executing 0 JDBC batches;
    0 nanoseconds spent performing 0 L2C puts;
    0 nanoseconds spent performing 0 L2C hits;
    0 nanoseconds spent performing 0 L2C misses;
    0 nanoseconds spent executing 0 flushes (flushing a total of 0 entities and 0 collections);
    4900 nanoseconds spent executing 1 partial-flushes (flushing a total of 0 entities and 0 collections)
}
2020-05-17 19:20:20,688 DEBUG o.s.w.s.DispatcherServlet [http-nio-9002-exec-10] Completed 200 OK
2020-05-17 19:20:20,694 DEBUG o.s.w.s.DispatcherServlet [http-nio-9002-exec-1] GET "/instrument/tickets_by_receiver/MOSCOW_EXCHENGE_CURRENCIES", parameters={}
2020-05-17 19:20:20,694 DEBUG o.s.w.s.m.m.a.RequestMappingHandlerMapping [http-nio-9002-exec-1] Mapped to steps.dev.myfinance7.instrument.controller.InstrumentController#getTicketsByExchangeReceiverName(String)
2020-05-17 19:20:20,696 DEBUG o.s.w.s.m.m.a.HttpEntityMethodProcessor [http-nio-9002-exec-1] Using 'application/json', given [application/json] and supported [application/json]
2020-05-17 19:20:20,696 DEBUG o.s.w.s.m.m.a.HttpEntityMethodProcessor [http-nio-9002-exec-1] Writing [[]]
2020-05-17 19:20:20,697 INFO o.h.e.i.StatisticalLoggingSessionEventListener [http-nio-9002-exec-1] Session Metrics {
    40300 nanoseconds spent acquiring 1 JDBC connections;
    0 nanoseconds spent releasing 0 JDBC connections;
    59900 nanoseconds spent preparing 1 JDBC statements;
    589200 nanoseconds spent executing 1 JDBC statements;
    0 nanoseconds spent executing 0 JDBC batches;
    0 nanoseconds spent performing 0 L2C puts;
    0 nanoseconds spent performing 0 L2C hits;
    0 nanoseconds spent performing 0 L2C misses;
    0 nanoseconds spent executing 0 flushes (flushing a total of 0 entities and 0 collections);
    0 nanoseconds spent executing 0 partial-flushes (flushing a total of 0 entities and 0 collections)
}
2020-05-17 19:20:20,697 DEBUG o.s.w.s.DispatcherServlet [http-nio-9002-exec-1] Completed 200 OK
2020-05-17 19:20:20,701 DEBUG o.s.w.s.DispatcherServlet [http-nio-9002-exec-2] GET "/instrument/tickets_by_receiver/MOSCOW_EXCHENGE_BONDS_TQOD", parameters={}
2020-05-17 19:20:20,702 DEBUG o.s.w.s.m.m.a.RequestMappingHandlerMapping [http-nio-9002-exec-2] Mapped to steps.dev.myfinance7.instrument.controller.InstrumentController#getTicketsByExchangeReceiverName(String)
2020-05-17 19:20:20,704 DEBUG o.s.w.s.m.m.a.HttpEntityMethodProcessor [http-nio-9002-exec-2] Using 'application/json', given [application/json] and supported [application/json]
2020-05-17 19:20:20,704 DEBUG o.s.w.s.m.m.a.HttpEntityMethodProcessor [http-nio-9002-exec-2] Writing [[XS0559915961]]
2020-05-17 19:20:20,704 INFO o.h.e.i.StatisticalLoggingSessionEventListener [http-nio-9002-exec-2] Session Metrics {
    36300 nanoseconds spent acquiring 1 JDBC connections;
    0 nanoseconds spent releasing 0 JDBC connections;
    105900 nanoseconds spent preparing 1 JDBC statements;
    581800 nanoseconds spent executing 1 JDBC statements;
    0 nanoseconds spent executing 0 JDBC batches;
    0 nanoseconds spent performing 0 L2C puts;
    0 nanoseconds spent performing 0 L2C hits;
    0 nanoseconds spent performing 0 L2C misses;
    0 nanoseconds spent executing 0 flushes (flushing a total of 0 entities and 0 collections);
    0 nanoseconds spent executing 0 partial-flushes (flushing a total of 0 entities and 0 collections)
}
2020-05-17 19:20:20,704 DEBUG o.s.w.s.DispatcherServlet [http-nio-9002-exec-2] Completed 200 OK
2020-05-17 19:20:20,735 DEBUG o.s.w.s.DispatcherServlet [http-nio-9002-exec-3] POST "/instrument/update_prices_by_tickets", parameters={}
2020-05-17 19:20:20,735 DEBUG o.s.w.s.m.m.a.RequestMappingHandlerMapping [http-nio-9002-exec-3] Mapped to steps.dev.myfinance7.instrument.controller.InstrumentController#updateQuotesByTickets(List)
2020-05-17 19:20:20,739 DEBUG o.s.w.s.m.m.a.RequestResponseBodyMethodProcessor [http-nio-9002-exec-3] Read "application/json;charset=UTF-8" to [[SecurityQuote(ticket=XS0559915961, price=116.9009, datetime=2020-05-15T19:32:24+03:00[Europe/Moscow (truncated)...]
2020-05-17 19:20:20,742 INFO o.h.e.i.StatisticalLoggingSessionEventListener [http-nio-9002-exec-3] Session Metrics {
    29400 nanoseconds spent acquiring 1 JDBC connections;
    0 nanoseconds spent releasing 0 JDBC connections;
    13400 nanoseconds spent preparing 1 JDBC statements;
    687200 nanoseconds spent executing 1 JDBC statements;
    0 nanoseconds spent executing 0 JDBC batches;
    0 nanoseconds spent performing 0 L2C puts;
    0 nanoseconds spent performing 0 L2C hits;
    0 nanoseconds spent performing 0 L2C misses;
    0 nanoseconds spent executing 0 flushes (flushing a total of 0 entities and 0 collections);
    4100 nanoseconds spent executing 1 partial-flushes (flushing a total of 0 entities and 0 collections)
}
2020-05-17 19:20:20,742 DEBUG o.s.w.s.DispatcherServlet [http-nio-9002-exec-3] Completed 200 OK
2020-05-17 19:20:30,258 INFO o.a.c.c.C.[.[.[/] [http-nio-7001-exec-1] Initializing Spring DispatcherServlet 'dispatcherServlet'
2020-05-17 19:20:30,261 INFO o.s.w.s.DispatcherServlet [http-nio-7001-exec-1] Initializing Servlet 'dispatcherServlet'
2020-05-17 19:20:30,262 DEBUG o.s.w.s.DispatcherServlet [http-nio-7001-exec-1] Detected StandardServletMultipartResolver
2020-05-17 19:20:30,281 DEBUG o.s.w.s.DispatcherServlet [http-nio-7001-exec-1] enableLoggingRequestDetails='false': request parameters and headers will be masked to prevent unsafe logging of potentially sensitive data
2020-05-17 19:20:30,282 INFO o.s.w.s.DispatcherServlet [http-nio-7001-exec-1] Completed initialization in 20 ms
2020-05-17 19:20:30,324 DEBUG o.s.w.s.DispatcherServlet [http-nio-7001-exec-1] GET "/instrument/tickets_by_receiver/MOSCOW_EXCHENGE_STOCKS", parameters={}
2020-05-17 19:20:30,337 DEBUG o.s.w.s.m.m.a.RequestMappingHandlerMapping [http-nio-7001-exec-1] Mapped to steps.dev.myfinance7.instrument.controller.InstrumentController#getTicketsByExchangeReceiverName(String)
2020-05-17 19:20:30,866 DEBUG o.s.w.s.m.m.a.HttpEntityMethodProcessor [http-nio-7001-exec-1] Using 'application/json', given [application/json] and supported [application/json]
2020-05-17 19:20:30,869 DEBUG o.s.w.s.m.m.a.HttpEntityMethodProcessor [http-nio-7001-exec-1] Writing [[AFKS, MOEX, SBER, ]]
2020-05-17 19:20:30,891 INFO o.h.e.i.StatisticalLoggingSessionEventListener [http-nio-7001-exec-1] Session Metrics {
    1851300 nanoseconds spent acquiring 1 JDBC connections;
    0 nanoseconds spent releasing 0 JDBC connections;
    5385700 nanoseconds spent preparing 1 JDBC statements;
    3052600 nanoseconds spent executing 1 JDBC statements;
    0 nanoseconds spent executing 0 JDBC batches;
    0 nanoseconds spent performing 0 L2C puts;
    0 nanoseconds spent performing 0 L2C hits;
    0 nanoseconds spent performing 0 L2C misses;
    0 nanoseconds spent executing 0 flushes (flushing a total of 0 entities and 0 collections);
    0 nanoseconds spent executing 0 partial-flushes (flushing a total of 0 entities and 0 collections)
}
2020-05-17 19:20:30,893 DEBUG o.s.w.s.DispatcherServlet [http-nio-7001-exec-1] Completed 200 OK
2020-05-17 19:20:30,944 DEBUG o.s.w.s.DispatcherServlet [http-nio-9002-exec-4] POST "/instrument/update_prices_by_tickets", parameters={}
2020-05-17 19:20:30,944 DEBUG o.s.w.s.m.m.a.RequestMappingHandlerMapping [http-nio-9002-exec-4] Mapped to steps.dev.myfinance7.instrument.controller.InstrumentController#updateQuotesByTickets(List)
2020-05-17 19:20:30,954 DEBUG o.s.w.s.m.m.a.RequestResponseBodyMethodProcessor [http-nio-9002-exec-4] Read "application/json;charset=UTF-8" to [[SecurityQuote(ticket=AFKS, price=14.0, datetime=2020-05-15T19:31:05+03:00[Europe/Moscow]), Security (truncated)...]
2020-05-17 19:20:30,963 INFO o.h.e.i.StatisticalLoggingSessionEventListener [http-nio-9002-exec-4] Session Metrics {
    628300 nanoseconds spent acquiring 1 JDBC connections;
    0 nanoseconds spent releasing 0 JDBC connections;
    52700 nanoseconds spent preparing 3 JDBC statements;
    1961500 nanoseconds spent executing 3 JDBC statements;
    0 nanoseconds spent executing 0 JDBC batches;
    0 nanoseconds spent performing 0 L2C puts;
    0 nanoseconds spent performing 0 L2C hits;
    0 nanoseconds spent performing 0 L2C misses;
    0 nanoseconds spent executing 0 flushes (flushing a total of 0 entities and 0 collections);
    16200 nanoseconds spent executing 3 partial-flushes (flushing a total of 0 entities and 0 collections)
}
2020-05-17 19:20:30,963 DEBUG o.s.w.s.DispatcherServlet [http-nio-9002-exec-4] Completed 200 OK
2020-05-17 19:20:30,974 DEBUG o.s.w.s.DispatcherServlet [http-nio-7001-exec-2] GET "/instrument/tickets_by_receiver/MOSCOW_EXCHENGE_BONDS_TQOB", parameters={}
2020-05-17 19:20:30,976 DEBUG o.s.w.s.m.m.a.RequestMappingHandlerMapping [http-nio-7001-exec-2] Mapped to steps.dev.myfinance7.instrument.controller.InstrumentController#getTicketsByExchangeReceiverName(String)
2020-05-17 19:20:30,982 DEBUG o.s.w.s.m.m.a.HttpEntityMethodProcessor [http-nio-7001-exec-2] Using 'application/json', given [application/json] and supported [application/json]
2020-05-17 19:20:30,983 DEBUG o.s.w.s.m.m.a.HttpEntityMethodProcessor [http-nio-7001-exec-2] Writing [[SU26205RMFS3]]
2020-05-17 19:20:30,984 INFO o.h.e.i.StatisticalLoggingSessionEventListener [http-nio-7001-exec-2] Session Metrics {
    91100 nanoseconds spent acquiring 1 JDBC connections;
    0 nanoseconds spent releasing 0 JDBC connections;
    122600 nanoseconds spent preparing 1 JDBC statements;
    1777200 nanoseconds spent executing 1 JDBC statements;
    0 nanoseconds spent executing 0 JDBC batches;
    0 nanoseconds spent performing 0 L2C puts;
    0 nanoseconds spent performing 0 L2C hits;
    0 nanoseconds spent performing 0 L2C misses;
    0 nanoseconds spent executing 0 flushes (flushing a total of 0 entities and 0 collections);
    0 nanoseconds spent executing 0 partial-flushes (flushing a total of 0 entities and 0 collections)
}
2020-05-17 19:20:30,984 DEBUG o.s.w.s.DispatcherServlet [http-nio-7001-exec-2] Completed 200 OK
2020-05-17 19:20:31,020 DEBUG o.s.w.s.DispatcherServlet [http-nio-9002-exec-5] POST "/instrument/update_prices_by_tickets", parameters={}
2020-05-17 19:20:31,020 DEBUG o.s.w.s.m.m.a.RequestMappingHandlerMapping [http-nio-9002-exec-5] Mapped to steps.dev.myfinance7.instrument.controller.InstrumentController#updateQuotesByTickets(List)
2020-05-17 19:20:31,024 DEBUG o.s.w.s.m.m.a.RequestResponseBodyMethodProcessor [http-nio-9002-exec-5] Read "application/json;charset=UTF-8" to [[SecurityQuote(ticket=SU26205RMFS3, price=102.526, datetime=2020-05-15T19:32:13+03:00[Europe/Moscow] (truncated)...]
2020-05-17 19:20:31,028 INFO o.h.e.i.StatisticalLoggingSessionEventListener [http-nio-9002-exec-5] Session Metrics {
    32000 nanoseconds spent acquiring 1 JDBC connections;
    0 nanoseconds spent releasing 0 JDBC connections;
    16300 nanoseconds spent preparing 1 JDBC statements;
    629200 nanoseconds spent executing 1 JDBC statements;
    0 nanoseconds spent executing 0 JDBC batches;
    0 nanoseconds spent performing 0 L2C puts;
    0 nanoseconds spent performing 0 L2C hits;
    0 nanoseconds spent performing 0 L2C misses;
    0 nanoseconds spent executing 0 flushes (flushing a total of 0 entities and 0 collections);
    5200 nanoseconds spent executing 1 partial-flushes (flushing a total of 0 entities and 0 collections)
}
2020-05-17 19:20:31,028 DEBUG o.s.w.s.DispatcherServlet [http-nio-9002-exec-5] Completed 200 OK
2020-05-17 19:20:31,038 DEBUG o.s.w.s.DispatcherServlet [http-nio-7001-exec-3] GET "/instrument/tickets_by_receiver/MOSCOW_EXCHENGE_CURRENCIES", parameters={}
2020-05-17 19:20:31,040 DEBUG o.s.w.s.m.m.a.RequestMappingHandlerMapping [http-nio-7001-exec-3] Mapped to steps.dev.myfinance7.instrument.controller.InstrumentController#getTicketsByExchangeReceiverName(String)
2020-05-17 19:20:31,044 DEBUG o.s.w.s.m.m.a.HttpEntityMethodProcessor [http-nio-7001-exec-3] Using 'application/json', given [application/json] and supported [application/json]
2020-05-17 19:20:31,044 DEBUG o.s.w.s.m.m.a.HttpEntityMethodProcessor [http-nio-7001-exec-3] Writing [[]]
2020-05-17 19:20:31,046 INFO o.h.e.i.StatisticalLoggingSessionEventListener [http-nio-7001-exec-3] Session Metrics {
    87100 nanoseconds spent acquiring 1 JDBC connections;
    0 nanoseconds spent releasing 0 JDBC connections;
    119000 nanoseconds spent preparing 1 JDBC statements;
    1279200 nanoseconds spent executing 1 JDBC statements;
    0 nanoseconds spent executing 0 JDBC batches;
    0 nanoseconds spent performing 0 L2C puts;
    0 nanoseconds spent performing 0 L2C hits;
    0 nanoseconds spent performing 0 L2C misses;
    0 nanoseconds spent executing 0 flushes (flushing a total of 0 entities and 0 collections);
    0 nanoseconds spent executing 0 partial-flushes (flushing a total of 0 entities and 0 collections)
}
2020-05-17 19:20:31,047 DEBUG o.s.w.s.DispatcherServlet [http-nio-7001-exec-3] Completed 200 OK
2020-05-17 19:20:31,056 DEBUG o.s.w.s.DispatcherServlet [http-nio-9002-exec-6] GET "/instrument/tickets_by_receiver/MOSCOW_EXCHENGE_BONDS_TQOD", parameters={}
2020-05-17 19:20:31,056 DEBUG o.s.w.s.m.m.a.RequestMappingHandlerMapping [http-nio-9002-exec-6] Mapped to steps.dev.myfinance7.instrument.controller.InstrumentController#getTicketsByExchangeReceiverName(String)
2020-05-17 19:20:31,058 DEBUG o.s.w.s.m.m.a.HttpEntityMethodProcessor [http-nio-9002-exec-6] Using 'application/json', given [application/json] and supported [application/json]
2020-05-17 19:20:31,058 DEBUG o.s.w.s.m.m.a.HttpEntityMethodProcessor [http-nio-9002-exec-6] Writing [[XS0559915961]]
2020-05-17 19:20:31,059 INFO o.h.e.i.StatisticalLoggingSessionEventListener [http-nio-9002-exec-6] Session Metrics {
    37600 nanoseconds spent acquiring 1 JDBC connections;
    0 nanoseconds spent releasing 0 JDBC connections;
    56500 nanoseconds spent preparing 1 JDBC statements;
    602900 nanoseconds spent executing 1 JDBC statements;
    0 nanoseconds spent executing 0 JDBC batches;
    0 nanoseconds spent performing 0 L2C puts;
    0 nanoseconds spent performing 0 L2C hits;
    0 nanoseconds spent performing 0 L2C misses;
    0 nanoseconds spent executing 0 flushes (flushing a total of 0 entities and 0 collections);
    0 nanoseconds spent executing 0 partial-flushes (flushing a total of 0 entities and 0 collections)
}
2020-05-17 19:20:31,059 DEBUG o.s.w.s.DispatcherServlet [http-nio-9002-exec-6] Completed 200 OK
2020-05-17 19:20:31,098 DEBUG o.s.w.s.DispatcherServlet [http-nio-7001-exec-4] POST "/instrument/update_prices_by_tickets", parameters={}
2020-05-17 19:20:31,102 DEBUG o.s.w.s.m.m.a.RequestMappingHandlerMapping [http-nio-7001-exec-4] Mapped to steps.dev.myfinance7.instrument.controller.InstrumentController#updateQuotesByTickets(List)
2020-05-17 19:20:31,121 DEBUG o.s.w.s.m.m.a.RequestResponseBodyMethodProcessor [http-nio-7001-exec-4] Read "application/json;charset=UTF-8" to [[SecurityQuote(ticket=XS0559915961, price=116.9009, datetime=2020-05-15T19:32:24+03:00[Europe/Moscow (truncated)...]
2020-05-17 19:20:31,201 INFO o.h.e.i.StatisticalLoggingSessionEventListener [http-nio-7001-exec-4] Session Metrics {
    102800 nanoseconds spent acquiring 1 JDBC connections;
    0 nanoseconds spent releasing 0 JDBC connections;
    112700 nanoseconds spent preparing 1 JDBC statements;
    2570300 nanoseconds spent executing 1 JDBC statements;
    0 nanoseconds spent executing 0 JDBC batches;
    0 nanoseconds spent performing 0 L2C puts;
    0 nanoseconds spent performing 0 L2C hits;
    0 nanoseconds spent performing 0 L2C misses;
    0 nanoseconds spent executing 0 flushes (flushing a total of 0 entities and 0 collections);
    41100 nanoseconds spent executing 1 partial-flushes (flushing a total of 0 entities and 0 collections)
}
2020-05-17 19:20:31,201 DEBUG o.s.w.s.DispatcherServlet [http-nio-7001-exec-4] Completed 200 OK
