2020-05-07 05:36:26,110 INFO s.d.m.i.InstrumentApplication [main] No active profile set, falling back to default profiles: default
2020-05-07 05:36:27,148 INFO o.s.d.r.c.RepositoryConfigurationDelegate [main] Bootstrapping Spring Data JPA repositories in DEFAULT mode.
2020-05-07 05:36:27,383 INFO o.s.d.r.c.RepositoryConfigurationDelegate [main] Finished Spring Data repository scanning in 224ms. Found 1 JPA repository interfaces.
2020-05-07 05:36:27,584 WARN o.s.b.a.e.EndpointId [main] Endpoint ID 'service-registry' contains invalid characters, please migrate to a valid format.
2020-05-07 05:36:27,899 INFO o.s.c.c.s.GenericScope [main] BeanFactory id=e5bd0177-22c3-315f-9018-bb8ce3bee94a
2020-05-07 05:36:28,177 INFO o.s.c.s.PostProcessorRegistrationDelegate$BeanPostProcessorChecker [main] Bean 'org.springframework.transaction.annotation.ProxyTransactionManagementConfiguration' of type [org.springframework.transaction.annotation.ProxyTransactionManagementConfiguration] is not eligible for getting processed by all BeanPostProcessors (for example: not eligible for auto-proxying)
2020-05-07 05:36:28,534 INFO o.s.b.w.e.t.TomcatWebServer [main] Tomcat initialized with port(s): 9002 (http)
2020-05-07 05:36:28,549 INFO o.a.c.h.Http11NioProtocol [main] Initializing ProtocolHandler ["http-nio-9002"]
2020-05-07 05:36:28,550 INFO o.a.c.c.StandardService [main] Starting service [Tomcat]
2020-05-07 05:36:28,551 INFO o.a.c.c.StandardEngine [main] Starting Servlet engine: [Apache Tomcat/9.0.29]
2020-05-07 05:36:28,781 INFO o.a.c.c.C.[.[.[/] [main] Initializing Spring embedded WebApplicationContext
2020-05-07 05:36:28,781 DEBUG o.s.w.c.ContextLoader [main] Published root WebApplicationContext as ServletContext attribute with name [org.springframework.web.context.WebApplicationContext.ROOT]
2020-05-07 05:36:28,782 INFO o.s.w.c.ContextLoader [main] Root WebApplicationContext: initialization completed in 2638 ms
2020-05-07 05:36:28,910 WARN c.n.c.s.URLConfigurationSource [main] No URLs will be polled as dynamic configuration sources.
2020-05-07 05:36:28,910 INFO c.n.c.s.URLConfigurationSource [main] To enable URLs as dynamic configuration sources, define System property archaius.configurationSource.additionalUrls or make config.properties available on classpath.
2020-05-07 05:36:28,937 INFO c.n.c.DynamicPropertyFactory [main] DynamicPropertyFactory is initialized with configuration sources: com.netflix.config.ConcurrentCompositeConfiguration@45adc393
2020-05-07 05:36:29,457 INFO o.h.j.i.u.LogHelper [main] HHH000204: Processing PersistenceUnitInfo [name: default]
2020-05-07 05:36:29,582 INFO o.h.Version [main] HHH000412: Hibernate Core {5.4.9.Final}
2020-05-07 05:36:29,812 INFO o.h.a.c.Version [main] HCANN000001: Hibernate Commons Annotations {5.1.0.Final}
2020-05-07 05:36:29,999 INFO c.z.h.HikariDataSource [main] HikariPool-1 - Starting...
2020-05-07 05:36:30,171 INFO c.z.h.HikariDataSource [main] HikariPool-1 - Start completed.
2020-05-07 05:36:30,202 INFO o.h.d.Dialect [main] HHH000400: Using dialect: org.hibernate.dialect.PostgreSQLDialect
2020-05-07 05:36:31,733 INFO o.h.e.t.j.p.i.JtaPlatformInitiator [main] HHH000490: Using JtaPlatform implementation: [org.hibernate.engine.transaction.jta.platform.internal.NoJtaPlatform]
2020-05-07 05:36:31,742 INFO o.s.o.j.LocalContainerEntityManagerFactoryBean [main] Initialized JPA EntityManagerFactory for persistence unit 'default'
2020-05-07 05:36:31,983 INFO o.h.e.i.StatisticalLoggingSessionEventListener [main] Session Metrics {
    0 nanoseconds spent acquiring 0 JDBC connections;
    0 nanoseconds spent releasing 0 JDBC connections;
    0 nanoseconds spent preparing 0 JDBC statements;
    0 nanoseconds spent executing 0 JDBC statements;
    0 nanoseconds spent executing 0 JDBC batches;
    0 nanoseconds spent performing 0 L2C puts;
    0 nanoseconds spent performing 0 L2C hits;
    0 nanoseconds spent performing 0 L2C misses;
    0 nanoseconds spent executing 0 flushes (flushing a total of 0 entities and 0 collections);
    0 nanoseconds spent executing 0 partial-flushes (flushing a total of 0 entities and 0 collections)
}
2020-05-07 05:36:31,985 INFO o.h.e.i.StatisticalLoggingSessionEventListener [main] Session Metrics {
    0 nanoseconds spent acquiring 0 JDBC connections;
    0 nanoseconds spent releasing 0 JDBC connections;
    0 nanoseconds spent preparing 0 JDBC statements;
    0 nanoseconds spent executing 0 JDBC statements;
    0 nanoseconds spent executing 0 JDBC batches;
    0 nanoseconds spent performing 0 L2C puts;
    0 nanoseconds spent performing 0 L2C hits;
    0 nanoseconds spent performing 0 L2C misses;
    0 nanoseconds spent executing 0 flushes (flushing a total of 0 entities and 0 collections);
    0 nanoseconds spent executing 0 partial-flushes (flushing a total of 0 entities and 0 collections)
}
2020-05-07 05:36:32,080 INFO o.h.e.i.StatisticalLoggingSessionEventListener [main] Session Metrics {
    0 nanoseconds spent acquiring 0 JDBC connections;
    0 nanoseconds spent releasing 0 JDBC connections;
    0 nanoseconds spent preparing 0 JDBC statements;
    0 nanoseconds spent executing 0 JDBC statements;
    0 nanoseconds spent executing 0 JDBC batches;
    0 nanoseconds spent performing 0 L2C puts;
    0 nanoseconds spent performing 0 L2C hits;
    0 nanoseconds spent performing 0 L2C misses;
    0 nanoseconds spent executing 0 flushes (flushing a total of 0 entities and 0 collections);
    0 nanoseconds spent executing 0 partial-flushes (flushing a total of 0 entities and 0 collections)
}
2020-05-07 05:36:32,156 INFO o.h.e.i.StatisticalLoggingSessionEventListener [main] Session Metrics {
    0 nanoseconds spent acquiring 0 JDBC connections;
    0 nanoseconds spent releasing 0 JDBC connections;
    0 nanoseconds spent preparing 0 JDBC statements;
    0 nanoseconds spent executing 0 JDBC statements;
    0 nanoseconds spent executing 0 JDBC batches;
    0 nanoseconds spent performing 0 L2C puts;
    0 nanoseconds spent performing 0 L2C hits;
    0 nanoseconds spent performing 0 L2C misses;
    0 nanoseconds spent executing 0 flushes (flushing a total of 0 entities and 0 collections);
    0 nanoseconds spent executing 0 partial-flushes (flushing a total of 0 entities and 0 collections)
}
2020-05-07 05:36:32,202 INFO o.h.e.i.StatisticalLoggingSessionEventListener [main] Session Metrics {
    0 nanoseconds spent acquiring 0 JDBC connections;
    0 nanoseconds spent releasing 0 JDBC connections;
    0 nanoseconds spent preparing 0 JDBC statements;
    0 nanoseconds spent executing 0 JDBC statements;
    0 nanoseconds spent executing 0 JDBC batches;
    0 nanoseconds spent performing 0 L2C puts;
    0 nanoseconds spent performing 0 L2C hits;
    0 nanoseconds spent performing 0 L2C misses;
    0 nanoseconds spent executing 0 flushes (flushing a total of 0 entities and 0 collections);
    0 nanoseconds spent executing 0 partial-flushes (flushing a total of 0 entities and 0 collections)
}
2020-05-07 05:36:32,206 INFO o.h.e.i.StatisticalLoggingSessionEventListener [main] Session Metrics {
    0 nanoseconds spent acquiring 0 JDBC connections;
    0 nanoseconds spent releasing 0 JDBC connections;
    0 nanoseconds spent preparing 0 JDBC statements;
    0 nanoseconds spent executing 0 JDBC statements;
    0 nanoseconds spent executing 0 JDBC batches;
    0 nanoseconds spent performing 0 L2C puts;
    0 nanoseconds spent performing 0 L2C hits;
    0 nanoseconds spent performing 0 L2C misses;
    0 nanoseconds spent executing 0 flushes (flushing a total of 0 entities and 0 collections);
    0 nanoseconds spent executing 0 partial-flushes (flushing a total of 0 entities and 0 collections)
}
2020-05-07 05:36:32,295 INFO o.h.e.i.StatisticalLoggingSessionEventListener [main] Session Metrics {
    0 nanoseconds spent acquiring 0 JDBC connections;
    0 nanoseconds spent releasing 0 JDBC connections;
    0 nanoseconds spent preparing 0 JDBC statements;
    0 nanoseconds spent executing 0 JDBC statements;
    0 nanoseconds spent executing 0 JDBC batches;
    0 nanoseconds spent performing 0 L2C puts;
    0 nanoseconds spent performing 0 L2C hits;
    0 nanoseconds spent performing 0 L2C misses;
    0 nanoseconds spent executing 0 flushes (flushing a total of 0 entities and 0 collections);
    0 nanoseconds spent executing 0 partial-flushes (flushing a total of 0 entities and 0 collections)
}
2020-05-07 05:36:32,329 WARN c.n.c.s.URLConfigurationSource [main] No URLs will be polled as dynamic configuration sources.
2020-05-07 05:36:32,329 INFO c.n.c.s.URLConfigurationSource [main] To enable URLs as dynamic configuration sources, define System property archaius.configurationSource.additionalUrls or make config.properties available on classpath.
2020-05-07 05:36:32,401 WARN o.s.b.a.o.j.JpaBaseConfiguration$JpaWebConfiguration [main] spring.jpa.open-in-view is enabled by default. Therefore, database queries may be performed during view rendering. Explicitly configure spring.jpa.open-in-view to disable this warning
2020-05-07 05:36:32,581 INFO o.s.s.c.ThreadPoolTaskExecutor [main] Initializing ExecutorService 'applicationTaskExecutor'
2020-05-07 05:36:32,605 DEBUG o.s.w.s.m.m.a.RequestMappingHandlerAdapter [main] ControllerAdvice beans: 0 @ModelAttribute, 0 @InitBinder, 1 RequestBodyAdvice, 1 ResponseBodyAdvice
2020-05-07 05:36:32,728 DEBUG o.s.w.s.m.m.a.RequestMappingHandlerMapping [main] 11 mappings in 'requestMappingHandlerMapping'
2020-05-07 05:36:32,768 DEBUG o.s.w.s.h.SimpleUrlHandlerMapping [main] Patterns [/webjars/**, /**] in 'resourceHandlerMapping'
2020-05-07 05:36:32,785 DEBUG o.s.w.s.m.m.a.ExceptionHandlerExceptionResolver [main] ControllerAdvice beans: 0 @ExceptionHandler, 1 ResponseBodyAdvice
2020-05-07 05:36:34,702 WARN o.s.c.l.c.BlockingLoadBalancerClientAutoConfiguration$BlockingLoadBalancerClientRibbonWarnLogger [main] You already have RibbonLoadBalancerClient on your classpath. It will be used by default. As Spring Cloud Ribbon is in maintenance mode. We recommend switching to BlockingLoadBalancerClient instead. In order to use it, set the value of `spring.cloud.loadbalancer.ribbon.enabled` to `false` or remove spring-cloud-starter-netflix-ribbon from your project.
2020-05-07 05:36:34,753 INFO o.s.b.a.e.w.EndpointLinksResolver [main] Exposing 1 endpoint(s) beneath base path '/actuator'
2020-05-07 05:36:34,796 INFO o.s.c.n.e.InstanceInfoFactory [main] Setting initial instance status as: STARTING
2020-05-07 05:36:34,860 INFO c.n.d.DiscoveryClient [main] Initializing Eureka in region us-east-1
2020-05-07 05:36:35,502 INFO c.n.d.p.DiscoveryJerseyProvider [main] Using JSON encoding codec LegacyJacksonJson
2020-05-07 05:36:35,502 INFO c.n.d.p.DiscoveryJerseyProvider [main] Using JSON decoding codec LegacyJacksonJson
2020-05-07 05:36:35,742 INFO c.n.d.p.DiscoveryJerseyProvider [main] Using XML encoding codec XStreamXml
2020-05-07 05:36:35,742 INFO c.n.d.p.DiscoveryJerseyProvider [main] Using XML decoding codec XStreamXml
2020-05-07 05:36:36,018 INFO c.n.d.s.r.a.ConfigClusterResolver [main] Resolving eureka endpoints via configuration
2020-05-07 05:36:36,392 INFO c.n.d.DiscoveryClient [main] Disable delta property : false
2020-05-07 05:36:36,392 INFO c.n.d.DiscoveryClient [main] Single vip registry refresh property : null
2020-05-07 05:36:36,392 INFO c.n.d.DiscoveryClient [main] Force full registry fetch : false
2020-05-07 05:36:36,393 INFO c.n.d.DiscoveryClient [main] Application is null : false
2020-05-07 05:36:36,393 INFO c.n.d.DiscoveryClient [main] Registered Applications size is zero : true
2020-05-07 05:36:36,393 INFO c.n.d.DiscoveryClient [main] Application version is -1: true
2020-05-07 05:36:36,393 INFO c.n.d.DiscoveryClient [main] Getting all instance registry info from the eureka server
2020-05-07 05:36:36,647 INFO c.n.d.DiscoveryClient [main] The response status is 200
2020-05-07 05:36:36,650 INFO c.n.d.DiscoveryClient [main] Starting heartbeat executor: renew interval is: 30
2020-05-07 05:36:36,654 INFO c.n.d.InstanceInfoReplicator [main] InstanceInfoReplicator onDemand update allowed rate per min is 4
2020-05-07 05:36:36,658 INFO c.n.d.DiscoveryClient [main] Discovery Client initialized at timestamp 1588818996657 with initial instances count: 1
2020-05-07 05:36:36,661 INFO o.s.c.n.e.s.EurekaServiceRegistry [main] Registering application INSTRUMENT with eureka with status UP
2020-05-07 05:36:36,662 INFO c.n.d.DiscoveryClient [main] Saw local status change event StatusChangeEvent [timestamp=1588818996662, current=UP, previous=STARTING]
2020-05-07 05:36:36,666 INFO c.n.d.DiscoveryClient [DiscoveryClient-InstanceInfoReplicator-0] DiscoveryClient_INSTRUMENT/Desk:instrument:9002: registering service...
2020-05-07 05:36:36,688 INFO o.a.c.h.Http11NioProtocol [main] Starting ProtocolHandler ["http-nio-9002"]
2020-05-07 05:36:36,726 INFO c.n.d.DiscoveryClient [DiscoveryClient-InstanceInfoReplicator-0] DiscoveryClient_INSTRUMENT/Desk:instrument:9002 - registration status: 204
2020-05-07 05:36:36,752 INFO o.s.b.w.e.t.TomcatWebServer [main] Tomcat started on port(s): 9002 (http) with context path ''
2020-05-07 05:36:36,753 INFO o.s.c.n.e.s.EurekaAutoServiceRegistration [main] Updating port to 9002
2020-05-07 05:36:37,328 INFO s.d.m.i.InstrumentApplication [main] Started InstrumentApplication in 13.096 seconds (JVM running for 14.812)
